Building DAG of jobs...
Using shell: /bin/bash
Provided cluster nodes: 50
Job counts:
	count	jobs
	1	all
	22	remove_allele_in_id
	23

[Fri Feb 26 13:45:52 2021]
rule remove_allele_in_id:
    input: /u/project/gandalm/cindywen/isoform_twas/genotype/all_data/isec_R2_greater_than_3/ancestry/merge.reheader.chr3.bim
    output: /u/project/gandalm/cindywen/isoform_twas/genotype/all_data/isec_R2_greater_than_3/ancestry/merge.reheader.chr3.remove_allele_in_id.done
    jobid: 3
    wildcards: chr_num=3
    resources: mem_gb=4, time_min=60, num_cores=1


[Fri Feb 26 13:45:52 2021]
rule remove_allele_in_id:
    input: /u/project/gandalm/cindywen/isoform_twas/genotype/all_data/isec_R2_greater_than_3/ancestry/merge.reheader.chr10.bim
    output: /u/project/gandalm/cindywen/isoform_twas/genotype/all_data/isec_R2_greater_than_3/ancestry/merge.reheader.chr10.remove_allele_in_id.done
    jobid: 10
    wildcards: chr_num=10
    resources: mem_gb=4, time_min=60, num_cores=1


[Fri Feb 26 13:45:52 2021]
rule remove_allele_in_id:
    input: /u/project/gandalm/cindywen/isoform_twas/genotype/all_data/isec_R2_greater_than_3/ancestry/merge.reheader.chr18.bim
    output: /u/project/gandalm/cindywen/isoform_twas/genotype/all_data/isec_R2_greater_than_3/ancestry/merge.reheader.chr18.remove_allele_in_id.done
    jobid: 18
    wildcards: chr_num=18
    resources: mem_gb=4, time_min=60, num_cores=1


[Fri Feb 26 13:45:52 2021]
rule remove_allele_in_id:
    input: /u/project/gandalm/cindywen/isoform_twas/genotype/all_data/isec_R2_greater_than_3/ancestry/merge.reheader.chr4.bim
    output: /u/project/gandalm/cindywen/isoform_twas/genotype/all_data/isec_R2_greater_than_3/ancestry/merge.reheader.chr4.remove_allele_in_id.done
    jobid: 4
    wildcards: chr_num=4
    resources: mem_gb=4, time_min=60, num_cores=1


[Fri Feb 26 13:45:53 2021]
rule remove_allele_in_id:
    input: /u/project/gandalm/cindywen/isoform_twas/genotype/all_data/isec_R2_greater_than_3/ancestry/merge.reheader.chr11.bim
    output: /u/project/gandalm/cindywen/isoform_twas/genotype/all_data/isec_R2_greater_than_3/ancestry/merge.reheader.chr11.remove_allele_in_id.done
    jobid: 11
    wildcards: chr_num=11
    resources: mem_gb=4, time_min=60, num_cores=1


[Fri Feb 26 13:45:53 2021]
rule remove_allele_in_id:
    input: /u/project/gandalm/cindywen/isoform_twas/genotype/all_data/isec_R2_greater_than_3/ancestry/merge.reheader.chr19.bim
    output: /u/project/gandalm/cindywen/isoform_twas/genotype/all_data/isec_R2_greater_than_3/ancestry/merge.reheader.chr19.remove_allele_in_id.done
    jobid: 19
    wildcards: chr_num=19
    resources: mem_gb=4, time_min=60, num_cores=1


[Fri Feb 26 13:45:53 2021]
rule remove_allele_in_id:
    input: /u/project/gandalm/cindywen/isoform_twas/genotype/all_data/isec_R2_greater_than_3/ancestry/merge.reheader.chr5.bim
    output: /u/project/gandalm/cindywen/isoform_twas/genotype/all_data/isec_R2_greater_than_3/ancestry/merge.reheader.chr5.remove_allele_in_id.done
    jobid: 5
    wildcards: chr_num=5
    resources: mem_gb=4, time_min=60, num_cores=1


[Fri Feb 26 13:45:53 2021]
rule remove_allele_in_id:
    input: /u/project/gandalm/cindywen/isoform_twas/genotype/all_data/isec_R2_greater_than_3/ancestry/merge.reheader.chr12.bim
    output: /u/project/gandalm/cindywen/isoform_twas/genotype/all_data/isec_R2_greater_than_3/ancestry/merge.reheader.chr12.remove_allele_in_id.done
    jobid: 12
    wildcards: chr_num=12
    resources: mem_gb=4, time_min=60, num_cores=1


[Fri Feb 26 13:45:53 2021]
rule remove_allele_in_id:
    input: /u/project/gandalm/cindywen/isoform_twas/genotype/all_data/isec_R2_greater_than_3/ancestry/merge.reheader.chr20.bim
    output: /u/project/gandalm/cindywen/isoform_twas/genotype/all_data/isec_R2_greater_than_3/ancestry/merge.reheader.chr20.remove_allele_in_id.done
    jobid: 20
    wildcards: chr_num=20
    resources: mem_gb=4, time_min=60, num_cores=1


[Fri Feb 26 13:45:53 2021]
rule remove_allele_in_id:
    input: /u/project/gandalm/cindywen/isoform_twas/genotype/all_data/isec_R2_greater_than_3/ancestry/merge.reheader.chr6.bim
    output: /u/project/gandalm/cindywen/isoform_twas/genotype/all_data/isec_R2_greater_than_3/ancestry/merge.reheader.chr6.remove_allele_in_id.done
    jobid: 6
    wildcards: chr_num=6
    resources: mem_gb=4, time_min=60, num_cores=1


[Fri Feb 26 13:45:53 2021]
rule remove_allele_in_id:
    input: /u/project/gandalm/cindywen/isoform_twas/genotype/all_data/isec_R2_greater_than_3/ancestry/merge.reheader.chr13.bim
    output: /u/project/gandalm/cindywen/isoform_twas/genotype/all_data/isec_R2_greater_than_3/ancestry/merge.reheader.chr13.remove_allele_in_id.done
    jobid: 13
    wildcards: chr_num=13
    resources: mem_gb=4, time_min=60, num_cores=1


[Fri Feb 26 13:45:53 2021]
rule remove_allele_in_id:
    input: /u/project/gandalm/cindywen/isoform_twas/genotype/all_data/isec_R2_greater_than_3/ancestry/merge.reheader.chr21.bim
    output: /u/project/gandalm/cindywen/isoform_twas/genotype/all_data/isec_R2_greater_than_3/ancestry/merge.reheader.chr21.remove_allele_in_id.done
    jobid: 21
    wildcards: chr_num=21
    resources: mem_gb=4, time_min=60, num_cores=1


[Fri Feb 26 13:45:53 2021]
rule remove_allele_in_id:
    input: /u/project/gandalm/cindywen/isoform_twas/genotype/all_data/isec_R2_greater_than_3/ancestry/merge.reheader.chr7.bim
    output: /u/project/gandalm/cindywen/isoform_twas/genotype/all_data/isec_R2_greater_than_3/ancestry/merge.reheader.chr7.remove_allele_in_id.done
    jobid: 7
    wildcards: chr_num=7
    resources: mem_gb=4, time_min=60, num_cores=1


[Fri Feb 26 13:45:53 2021]
rule remove_allele_in_id:
    input: /u/project/gandalm/cindywen/isoform_twas/genotype/all_data/isec_R2_greater_than_3/ancestry/merge.reheader.chr14.bim
    output: /u/project/gandalm/cindywen/isoform_twas/genotype/all_data/isec_R2_greater_than_3/ancestry/merge.reheader.chr14.remove_allele_in_id.done
    jobid: 14
    wildcards: chr_num=14
    resources: mem_gb=4, time_min=60, num_cores=1


[Fri Feb 26 13:45:53 2021]
rule remove_allele_in_id:
    input: /u/project/gandalm/cindywen/isoform_twas/genotype/all_data/isec_R2_greater_than_3/ancestry/merge.reheader.chr22.bim
    output: /u/project/gandalm/cindywen/isoform_twas/genotype/all_data/isec_R2_greater_than_3/ancestry/merge.reheader.chr22.remove_allele_in_id.done
    jobid: 22
    wildcards: chr_num=22
    resources: mem_gb=4, time_min=60, num_cores=1


[Fri Feb 26 13:45:53 2021]
rule remove_allele_in_id:
    input: /u/project/gandalm/cindywen/isoform_twas/genotype/all_data/isec_R2_greater_than_3/ancestry/merge.reheader.chr8.bim
    output: /u/project/gandalm/cindywen/isoform_twas/genotype/all_data/isec_R2_greater_than_3/ancestry/merge.reheader.chr8.remove_allele_in_id.done
    jobid: 8
    wildcards: chr_num=8
    resources: mem_gb=4, time_min=60, num_cores=1


[Fri Feb 26 13:45:53 2021]
rule remove_allele_in_id:
    input: /u/project/gandalm/cindywen/isoform_twas/genotype/all_data/isec_R2_greater_than_3/ancestry/merge.reheader.chr15.bim
    output: /u/project/gandalm/cindywen/isoform_twas/genotype/all_data/isec_R2_greater_than_3/ancestry/merge.reheader.chr15.remove_allele_in_id.done
    jobid: 15
    wildcards: chr_num=15
    resources: mem_gb=4, time_min=60, num_cores=1


[Fri Feb 26 13:45:53 2021]
rule remove_allele_in_id:
    input: /u/project/gandalm/cindywen/isoform_twas/genotype/all_data/isec_R2_greater_than_3/ancestry/merge.reheader.chr1.bim
    output: /u/project/gandalm/cindywen/isoform_twas/genotype/all_data/isec_R2_greater_than_3/ancestry/merge.reheader.chr1.remove_allele_in_id.done
    jobid: 1
    wildcards: chr_num=1
    resources: mem_gb=4, time_min=60, num_cores=1


[Fri Feb 26 13:45:53 2021]
rule remove_allele_in_id:
    input: /u/project/gandalm/cindywen/isoform_twas/genotype/all_data/isec_R2_greater_than_3/ancestry/merge.reheader.chr9.bim
    output: /u/project/gandalm/cindywen/isoform_twas/genotype/all_data/isec_R2_greater_than_3/ancestry/merge.reheader.chr9.remove_allele_in_id.done
    jobid: 9
    wildcards: chr_num=9
    resources: mem_gb=4, time_min=60, num_cores=1


[Fri Feb 26 13:45:53 2021]
rule remove_allele_in_id:
    input: /u/project/gandalm/cindywen/isoform_twas/genotype/all_data/isec_R2_greater_than_3/ancestry/merge.reheader.chr16.bim
    output: /u/project/gandalm/cindywen/isoform_twas/genotype/all_data/isec_R2_greater_than_3/ancestry/merge.reheader.chr16.remove_allele_in_id.done
    jobid: 16
    wildcards: chr_num=16
    resources: mem_gb=4, time_min=60, num_cores=1


[Fri Feb 26 13:45:53 2021]
rule remove_allele_in_id:
    input: /u/project/gandalm/cindywen/isoform_twas/genotype/all_data/isec_R2_greater_than_3/ancestry/merge.reheader.chr2.bim
    output: /u/project/gandalm/cindywen/isoform_twas/genotype/all_data/isec_R2_greater_than_3/ancestry/merge.reheader.chr2.remove_allele_in_id.done
    jobid: 2
    wildcards: chr_num=2
    resources: mem_gb=4, time_min=60, num_cores=1


[Fri Feb 26 13:45:53 2021]
rule remove_allele_in_id:
    input: /u/project/gandalm/cindywen/isoform_twas/genotype/all_data/isec_R2_greater_than_3/ancestry/merge.reheader.chr17.bim
    output: /u/project/gandalm/cindywen/isoform_twas/genotype/all_data/isec_R2_greater_than_3/ancestry/merge.reheader.chr17.remove_allele_in_id.done
    jobid: 17
    wildcards: chr_num=17
    resources: mem_gb=4, time_min=60, num_cores=1

[Fri Feb 26 13:46:38 2021]
Error in rule remove_allele_in_id:
    jobid: 3
    output: /u/project/gandalm/cindywen/isoform_twas/genotype/all_data/isec_R2_greater_than_3/ancestry/merge.reheader.chr3.remove_allele_in_id.done

Error executing rule remove_allele_in_id on cluster (jobid: 3, external: 9966, jobscript: /u/project/gandalm/cindywen/isoform_twas/genotype/scripts_new/post-imputation/.snakemake/tmp.qvsx77z8/snakejob.remove_allele_in_id.3.sh). For error details see the cluster log and the log files of the involved rule(s).
[Fri Feb 26 13:46:38 2021]
Error in rule remove_allele_in_id:
    jobid: 18
    output: /u/project/gandalm/cindywen/isoform_twas/genotype/all_data/isec_R2_greater_than_3/ancestry/merge.reheader.chr18.remove_allele_in_id.done

Error executing rule remove_allele_in_id on cluster (jobid: 18, external: 9968, jobscript: /u/project/gandalm/cindywen/isoform_twas/genotype/scripts_new/post-imputation/.snakemake/tmp.qvsx77z8/snakejob.remove_allele_in_id.18.sh). For error details see the cluster log and the log files of the involved rule(s).
[Fri Feb 26 13:46:51 2021]
Error in rule remove_allele_in_id:
    jobid: 4
    output: /u/project/gandalm/cindywen/isoform_twas/genotype/all_data/isec_R2_greater_than_3/ancestry/merge.reheader.chr4.remove_allele_in_id.done

Error executing rule remove_allele_in_id on cluster (jobid: 4, external: 9969, jobscript: /u/project/gandalm/cindywen/isoform_twas/genotype/scripts_new/post-imputation/.snakemake/tmp.qvsx77z8/snakejob.remove_allele_in_id.4.sh). For error details see the cluster log and the log files of the involved rule(s).
[Fri Feb 26 13:46:51 2021]
Error in rule remove_allele_in_id:
    jobid: 19
    output: /u/project/gandalm/cindywen/isoform_twas/genotype/all_data/isec_R2_greater_than_3/ancestry/merge.reheader.chr19.remove_allele_in_id.done

Error executing rule remove_allele_in_id on cluster (jobid: 19, external: 9971, jobscript: /u/project/gandalm/cindywen/isoform_twas/genotype/scripts_new/post-imputation/.snakemake/tmp.qvsx77z8/snakejob.remove_allele_in_id.19.sh). For error details see the cluster log and the log files of the involved rule(s).
[Fri Feb 26 13:46:51 2021]
Error in rule remove_allele_in_id:
    jobid: 5
    output: /u/project/gandalm/cindywen/isoform_twas/genotype/all_data/isec_R2_greater_than_3/ancestry/merge.reheader.chr5.remove_allele_in_id.done

Error executing rule remove_allele_in_id on cluster (jobid: 5, external: 9972, jobscript: /u/project/gandalm/cindywen/isoform_twas/genotype/scripts_new/post-imputation/.snakemake/tmp.qvsx77z8/snakejob.remove_allele_in_id.5.sh). For error details see the cluster log and the log files of the involved rule(s).
[Fri Feb 26 13:47:02 2021]
Error in rule remove_allele_in_id:
    jobid: 11
    output: /u/project/gandalm/cindywen/isoform_twas/genotype/all_data/isec_R2_greater_than_3/ancestry/merge.reheader.chr11.remove_allele_in_id.done

Error executing rule remove_allele_in_id on cluster (jobid: 11, external: 9970, jobscript: /u/project/gandalm/cindywen/isoform_twas/genotype/scripts_new/post-imputation/.snakemake/tmp.qvsx77z8/snakejob.remove_allele_in_id.11.sh). For error details see the cluster log and the log files of the involved rule(s).
[Fri Feb 26 13:47:02 2021]
Error in rule remove_allele_in_id:
    jobid: 6
    output: /u/project/gandalm/cindywen/isoform_twas/genotype/all_data/isec_R2_greater_than_3/ancestry/merge.reheader.chr6.remove_allele_in_id.done

Error executing rule remove_allele_in_id on cluster (jobid: 6, external: 9975, jobscript: /u/project/gandalm/cindywen/isoform_twas/genotype/scripts_new/post-imputation/.snakemake/tmp.qvsx77z8/snakejob.remove_allele_in_id.6.sh). For error details see the cluster log and the log files of the involved rule(s).
[Fri Feb 26 13:47:13 2021]
Error in rule remove_allele_in_id:
    jobid: 12
    output: /u/project/gandalm/cindywen/isoform_twas/genotype/all_data/isec_R2_greater_than_3/ancestry/merge.reheader.chr12.remove_allele_in_id.done

Error executing rule remove_allele_in_id on cluster (jobid: 12, external: 9973, jobscript: /u/project/gandalm/cindywen/isoform_twas/genotype/scripts_new/post-imputation/.snakemake/tmp.qvsx77z8/snakejob.remove_allele_in_id.12.sh). For error details see the cluster log and the log files of the involved rule(s).
[Fri Feb 26 13:47:13 2021]
Error in rule remove_allele_in_id:
    jobid: 13
    output: /u/project/gandalm/cindywen/isoform_twas/genotype/all_data/isec_R2_greater_than_3/ancestry/merge.reheader.chr13.remove_allele_in_id.done

Error executing rule remove_allele_in_id on cluster (jobid: 13, external: 9976, jobscript: /u/project/gandalm/cindywen/isoform_twas/genotype/scripts_new/post-imputation/.snakemake/tmp.qvsx77z8/snakejob.remove_allele_in_id.13.sh). For error details see the cluster log and the log files of the involved rule(s).
[Fri Feb 26 13:47:13 2021]
Error in rule remove_allele_in_id:
    jobid: 21
    output: /u/project/gandalm/cindywen/isoform_twas/genotype/all_data/isec_R2_greater_than_3/ancestry/merge.reheader.chr21.remove_allele_in_id.done

Error executing rule remove_allele_in_id on cluster (jobid: 21, external: 9977, jobscript: /u/project/gandalm/cindywen/isoform_twas/genotype/scripts_new/post-imputation/.snakemake/tmp.qvsx77z8/snakejob.remove_allele_in_id.21.sh). For error details see the cluster log and the log files of the involved rule(s).
[Fri Feb 26 13:47:13 2021]
Error in rule remove_allele_in_id:
    jobid: 7
    output: /u/project/gandalm/cindywen/isoform_twas/genotype/all_data/isec_R2_greater_than_3/ancestry/merge.reheader.chr7.remove_allele_in_id.done

Error executing rule remove_allele_in_id on cluster (jobid: 7, external: 9978, jobscript: /u/project/gandalm/cindywen/isoform_twas/genotype/scripts_new/post-imputation/.snakemake/tmp.qvsx77z8/snakejob.remove_allele_in_id.7.sh). For error details see the cluster log and the log files of the involved rule(s).
[Fri Feb 26 13:47:14 2021]
Error in rule remove_allele_in_id:
    jobid: 2
    output: /u/project/gandalm/cindywen/isoform_twas/genotype/all_data/isec_R2_greater_than_3/ancestry/merge.reheader.chr2.remove_allele_in_id.done

Error executing rule remove_allele_in_id on cluster (jobid: 2, external: 9986, jobscript: /u/project/gandalm/cindywen/isoform_twas/genotype/scripts_new/post-imputation/.snakemake/tmp.qvsx77z8/snakejob.remove_allele_in_id.2.sh). For error details see the cluster log and the log files of the involved rule(s).
[Fri Feb 26 13:47:25 2021]
Error in rule remove_allele_in_id:
    jobid: 20
    output: /u/project/gandalm/cindywen/isoform_twas/genotype/all_data/isec_R2_greater_than_3/ancestry/merge.reheader.chr20.remove_allele_in_id.done

Error executing rule remove_allele_in_id on cluster (jobid: 20, external: 9974, jobscript: /u/project/gandalm/cindywen/isoform_twas/genotype/scripts_new/post-imputation/.snakemake/tmp.qvsx77z8/snakejob.remove_allele_in_id.20.sh). For error details see the cluster log and the log files of the involved rule(s).
[Fri Feb 26 13:47:25 2021]
Error in rule remove_allele_in_id:
    jobid: 14
    output: /u/project/gandalm/cindywen/isoform_twas/genotype/all_data/isec_R2_greater_than_3/ancestry/merge.reheader.chr14.remove_allele_in_id.done

Error executing rule remove_allele_in_id on cluster (jobid: 14, external: 9979, jobscript: /u/project/gandalm/cindywen/isoform_twas/genotype/scripts_new/post-imputation/.snakemake/tmp.qvsx77z8/snakejob.remove_allele_in_id.14.sh). For error details see the cluster log and the log files of the involved rule(s).
[Fri Feb 26 13:47:36 2021]
Error in rule remove_allele_in_id:
    jobid: 10
    output: /u/project/gandalm/cindywen/isoform_twas/genotype/all_data/isec_R2_greater_than_3/ancestry/merge.reheader.chr10.remove_allele_in_id.done

Error executing rule remove_allele_in_id on cluster (jobid: 10, external: 9967, jobscript: /u/project/gandalm/cindywen/isoform_twas/genotype/scripts_new/post-imputation/.snakemake/tmp.qvsx77z8/snakejob.remove_allele_in_id.10.sh). For error details see the cluster log and the log files of the involved rule(s).
[Fri Feb 26 13:47:36 2021]
Error in rule remove_allele_in_id:
    jobid: 22
    output: /u/project/gandalm/cindywen/isoform_twas/genotype/all_data/isec_R2_greater_than_3/ancestry/merge.reheader.chr22.remove_allele_in_id.done

Error executing rule remove_allele_in_id on cluster (jobid: 22, external: 9980, jobscript: /u/project/gandalm/cindywen/isoform_twas/genotype/scripts_new/post-imputation/.snakemake/tmp.qvsx77z8/snakejob.remove_allele_in_id.22.sh). For error details see the cluster log and the log files of the involved rule(s).
[Fri Feb 26 13:47:36 2021]
Error in rule remove_allele_in_id:
    jobid: 8
    output: /u/project/gandalm/cindywen/isoform_twas/genotype/all_data/isec_R2_greater_than_3/ancestry/merge.reheader.chr8.remove_allele_in_id.done

Error executing rule remove_allele_in_id on cluster (jobid: 8, external: 9981, jobscript: /u/project/gandalm/cindywen/isoform_twas/genotype/scripts_new/post-imputation/.snakemake/tmp.qvsx77z8/snakejob.remove_allele_in_id.8.sh). For error details see the cluster log and the log files of the involved rule(s).
[Fri Feb 26 13:47:36 2021]
Error in rule remove_allele_in_id:
    jobid: 15
    output: /u/project/gandalm/cindywen/isoform_twas/genotype/all_data/isec_R2_greater_than_3/ancestry/merge.reheader.chr15.remove_allele_in_id.done

Error executing rule remove_allele_in_id on cluster (jobid: 15, external: 9982, jobscript: /u/project/gandalm/cindywen/isoform_twas/genotype/scripts_new/post-imputation/.snakemake/tmp.qvsx77z8/snakejob.remove_allele_in_id.15.sh). For error details see the cluster log and the log files of the involved rule(s).
[Fri Feb 26 13:47:36 2021]
Error in rule remove_allele_in_id:
    jobid: 1
    output: /u/project/gandalm/cindywen/isoform_twas/genotype/all_data/isec_R2_greater_than_3/ancestry/merge.reheader.chr1.remove_allele_in_id.done

Error executing rule remove_allele_in_id on cluster (jobid: 1, external: 9983, jobscript: /u/project/gandalm/cindywen/isoform_twas/genotype/scripts_new/post-imputation/.snakemake/tmp.qvsx77z8/snakejob.remove_allele_in_id.1.sh). For error details see the cluster log and the log files of the involved rule(s).
[Fri Feb 26 13:47:36 2021]
Error in rule remove_allele_in_id:
    jobid: 16
    output: /u/project/gandalm/cindywen/isoform_twas/genotype/all_data/isec_R2_greater_than_3/ancestry/merge.reheader.chr16.remove_allele_in_id.done

Error executing rule remove_allele_in_id on cluster (jobid: 16, external: 9985, jobscript: /u/project/gandalm/cindywen/isoform_twas/genotype/scripts_new/post-imputation/.snakemake/tmp.qvsx77z8/snakejob.remove_allele_in_id.16.sh). For error details see the cluster log and the log files of the involved rule(s).
[Fri Feb 26 13:47:36 2021]
Error in rule remove_allele_in_id:
    jobid: 17
    output: /u/project/gandalm/cindywen/isoform_twas/genotype/all_data/isec_R2_greater_than_3/ancestry/merge.reheader.chr17.remove_allele_in_id.done

Error executing rule remove_allele_in_id on cluster (jobid: 17, external: 9987, jobscript: /u/project/gandalm/cindywen/isoform_twas/genotype/scripts_new/post-imputation/.snakemake/tmp.qvsx77z8/snakejob.remove_allele_in_id.17.sh). For error details see the cluster log and the log files of the involved rule(s).
[Fri Feb 26 13:47:46 2021]
Error in rule remove_allele_in_id:
    jobid: 9
    output: /u/project/gandalm/cindywen/isoform_twas/genotype/all_data/isec_R2_greater_than_3/ancestry/merge.reheader.chr9.remove_allele_in_id.done

Error executing rule remove_allele_in_id on cluster (jobid: 9, external: 9984, jobscript: /u/project/gandalm/cindywen/isoform_twas/genotype/scripts_new/post-imputation/.snakemake/tmp.qvsx77z8/snakejob.remove_allele_in_id.9.sh). For error details see the cluster log and the log files of the involved rule(s).
Shutting down, this might take some time.
Exiting because a job execution failed. Look above for error message
Complete log: /u/project/gandalm/cindywen/isoform_twas/genotype/scripts_new/post-imputation/.snakemake/log/2021-02-26T134546.623010.snakemake.log
