Building DAG of jobs...
Using shell: /bin/bash
Provided cluster nodes: 50
Job counts:
	count	jobs
	1	all
	1	crossmap
	1	sort_tabix
	1	vcf_to_plink
	4

[Sun Feb 28 09:50:10 2021]
rule crossmap:
    input: /u/project/gandalm/cindywen/isoform_twas/genotype/all_data/isec_R2_greater_than_3/ancestry/filtered.vcf.gz, /u/project/gandalm/cindywen/isoform_twas/genotype/ref/GRCh38_to_GRCh37.chain.gz, /u/project/gandalm/shared/refGenomes/hg19/Gencode/GRCh37.primary_assembly.genome.fa
    output: /u/project/gandalm/cindywen/isoform_twas/genotype/all_data/isec_R2_greater_than_3/ancestry/filtered.hg19.vcf.gz, /u/project/gandalm/cindywen/isoform_twas/genotype/all_data/isec_R2_greater_than_3/ancestry/filtered.hg19.vcf.unmap
    jobid: 48
    resources: mem_gb=4, time_min=60, num_cores=1

[Sun Feb 28 10:06:32 2021]
Finished job 48.
1 of 4 steps (25%) done

[Sun Feb 28 10:06:32 2021]
rule sort_tabix:
    input: /u/project/gandalm/cindywen/isoform_twas/genotype/all_data/isec_R2_greater_than_3/ancestry/filtered.hg19.vcf.gz
    output: /u/project/gandalm/cindywen/isoform_twas/genotype/all_data/isec_R2_greater_than_3/ancestry/filtered.hg19.sorted.vcf.gz, /u/project/gandalm/cindywen/isoform_twas/genotype/all_data/isec_R2_greater_than_3/ancestry/filtered.hg19.sorted.vcf.gz.tbi
    jobid: 46
    resources: mem_gb=4, time_min=60, num_cores=1

[Sun Feb 28 10:29:53 2021]
Finished job 46.
2 of 4 steps (50%) done

[Sun Feb 28 10:29:53 2021]
rule vcf_to_plink:
    input: /u/project/gandalm/cindywen/isoform_twas/genotype/all_data/isec_R2_greater_than_3/ancestry/filtered.hg19.sorted.vcf.gz
    output: /u/project/gandalm/cindywen/isoform_twas/genotype/all_data/isec_R2_greater_than_3/ancestry/filtered.hg19.sorted.bed, /u/project/gandalm/cindywen/isoform_twas/genotype/all_data/isec_R2_greater_than_3/ancestry/filtered.hg19.sorted.bim, /u/project/gandalm/cindywen/isoform_twas/genotype/all_data/isec_R2_greater_than_3/ancestry/filtered.hg19.sorted.fam, /u/project/gandalm/cindywen/isoform_twas/genotype/all_data/isec_R2_greater_than_3/ancestry/filtered.hg19.sorted.log, /u/project/gandalm/cindywen/isoform_twas/genotype/all_data/isec_R2_greater_than_3/ancestry/filtered.hg19.sorted.nosex
    jobid: 23
    resources: mem_gb=4, time_min=60, num_cores=1

[Sun Feb 28 10:33:13 2021]
Finished job 23.
3 of 4 steps (75%) done

[Sun Feb 28 10:33:13 2021]
localrule all:
    input: /u/project/gandalm/cindywen/isoform_twas/genotype/all_data/isec_R2_greater_than_3/ancestry/merge.reheader.chr1_remaining_chrpos.txt, /u/project/gandalm/cindywen/isoform_twas/genotype/all_data/isec_R2_greater_than_3/ancestry/merge.reheader.chr2_remaining_chrpos.txt, /u/project/gandalm/cindywen/isoform_twas/genotype/all_data/isec_R2_greater_than_3/ancestry/merge.reheader.chr3_remaining_chrpos.txt, /u/project/gandalm/cindywen/isoform_twas/genotype/all_data/isec_R2_greater_than_3/ancestry/merge.reheader.chr4_remaining_chrpos.txt, /u/project/gandalm/cindywen/isoform_twas/genotype/all_data/isec_R2_greater_than_3/ancestry/merge.reheader.chr5_remaining_chrpos.txt, /u/project/gandalm/cindywen/isoform_twas/genotype/all_data/isec_R2_greater_than_3/ancestry/merge.reheader.chr6_remaining_chrpos.txt, /u/project/gandalm/cindywen/isoform_twas/genotype/all_data/isec_R2_greater_than_3/ancestry/merge.reheader.chr7_remaining_chrpos.txt, /u/project/gandalm/cindywen/isoform_twas/genotype/all_data/isec_R2_greater_than_3/ancestry/merge.reheader.chr8_remaining_chrpos.txt, /u/project/gandalm/cindywen/isoform_twas/genotype/all_data/isec_R2_greater_than_3/ancestry/merge.reheader.chr9_remaining_chrpos.txt, /u/project/gandalm/cindywen/isoform_twas/genotype/all_data/isec_R2_greater_than_3/ancestry/merge.reheader.chr10_remaining_chrpos.txt, /u/project/gandalm/cindywen/isoform_twas/genotype/all_data/isec_R2_greater_than_3/ancestry/merge.reheader.chr11_remaining_chrpos.txt, /u/project/gandalm/cindywen/isoform_twas/genotype/all_data/isec_R2_greater_than_3/ancestry/merge.reheader.chr12_remaining_chrpos.txt, /u/project/gandalm/cindywen/isoform_twas/genotype/all_data/isec_R2_greater_than_3/ancestry/merge.reheader.chr13_remaining_chrpos.txt, /u/project/gandalm/cindywen/isoform_twas/genotype/all_data/isec_R2_greater_than_3/ancestry/merge.reheader.chr14_remaining_chrpos.txt, /u/project/gandalm/cindywen/isoform_twas/genotype/all_data/isec_R2_greater_than_3/ancestry/merge.reheader.chr15_remaining_chrpos.txt, /u/project/gandalm/cindywen/isoform_twas/genotype/all_data/isec_R2_greater_than_3/ancestry/merge.reheader.chr16_remaining_chrpos.txt, /u/project/gandalm/cindywen/isoform_twas/genotype/all_data/isec_R2_greater_than_3/ancestry/merge.reheader.chr17_remaining_chrpos.txt, /u/project/gandalm/cindywen/isoform_twas/genotype/all_data/isec_R2_greater_than_3/ancestry/merge.reheader.chr18_remaining_chrpos.txt, /u/project/gandalm/cindywen/isoform_twas/genotype/all_data/isec_R2_greater_than_3/ancestry/merge.reheader.chr19_remaining_chrpos.txt, /u/project/gandalm/cindywen/isoform_twas/genotype/all_data/isec_R2_greater_than_3/ancestry/merge.reheader.chr20_remaining_chrpos.txt, /u/project/gandalm/cindywen/isoform_twas/genotype/all_data/isec_R2_greater_than_3/ancestry/merge.reheader.chr21_remaining_chrpos.txt, /u/project/gandalm/cindywen/isoform_twas/genotype/all_data/isec_R2_greater_than_3/ancestry/merge.reheader.chr22_remaining_chrpos.txt, /u/project/gandalm/cindywen/isoform_twas/genotype/all_data/isec_R2_greater_than_3/ancestry/filtered.hg19.sorted.bed, /u/project/gandalm/cindywen/isoform_twas/genotype/all_data/isec_R2_greater_than_3/ancestry/filtered.hg19.sorted.bim, /u/project/gandalm/cindywen/isoform_twas/genotype/all_data/isec_R2_greater_than_3/ancestry/filtered.hg19.sorted.fam, /u/project/gandalm/cindywen/isoform_twas/genotype/all_data/isec_R2_greater_than_3/ancestry/filtered.hg19.sorted.log, /u/project/gandalm/cindywen/isoform_twas/genotype/all_data/isec_R2_greater_than_3/ancestry/filtered.hg19.sorted.nosex
    jobid: 0
    resources: mem_gb=4, time_min=240, num_cores=1

[Sun Feb 28 10:33:13 2021]
Finished job 0.
4 of 4 steps (100%) done
Complete log: /u/project/gandalm/cindywen/isoform_twas/genotype/scripts_new/post-imputation/.snakemake/log/2021-02-28T095006.926807.snakemake.log
