Building DAG of jobs...
Using shell: /bin/bash
Provided cluster nodes: 50
Job counts:
	count	jobs
	1	all
	22	variant_qc
	23

[Fri Feb 26 22:04:01 2021]
rule variant_qc:
    input: /u/project/gandalm/cindywen/isoform_twas/genotype/all_data/isec_R2_greater_than_3/ancestry/merge.reheader.chr3_rsid.bed, /u/project/gandalm/cindywen/isoform_twas/genotype/all_data/isec_R2_greater_than_3/ancestry/merge.reheader.chr3_rsid.bim, /u/project/gandalm/cindywen/isoform_twas/genotype/all_data/isec_R2_greater_than_3/ancestry/merge.reheader.chr3_rsid.fam, /u/project/gandalm/cindywen/isoform_twas/genotype/all_data/isec_R2_greater_than_3/ancestry/merge.reheader.chr3_rsid.log, /u/project/gandalm/cindywen/isoform_twas/genotype/all_data/isec_R2_greater_than_3/ancestry/merge.reheader.chr3_rsid.nosex
    output: /u/project/gandalm/cindywen/isoform_twas/genotype/all_data/isec_R2_greater_than_3/ancestry/filtered.chr3.bed, /u/project/gandalm/cindywen/isoform_twas/genotype/all_data/isec_R2_greater_than_3/ancestry/filtered.chr3.bim, /u/project/gandalm/cindywen/isoform_twas/genotype/all_data/isec_R2_greater_than_3/ancestry/filtered.chr3.fam, /u/project/gandalm/cindywen/isoform_twas/genotype/all_data/isec_R2_greater_than_3/ancestry/filtered.chr3.log, /u/project/gandalm/cindywen/isoform_twas/genotype/all_data/isec_R2_greater_than_3/ancestry/filtered.chr3.nosex
    jobid: 25
    wildcards: chr_num=3
    resources: mem_gb=4, time_min=60, num_cores=1


[Fri Feb 26 22:04:01 2021]
rule variant_qc:
    input: /u/project/gandalm/cindywen/isoform_twas/genotype/all_data/isec_R2_greater_than_3/ancestry/merge.reheader.chr11_rsid.bed, /u/project/gandalm/cindywen/isoform_twas/genotype/all_data/isec_R2_greater_than_3/ancestry/merge.reheader.chr11_rsid.bim, /u/project/gandalm/cindywen/isoform_twas/genotype/all_data/isec_R2_greater_than_3/ancestry/merge.reheader.chr11_rsid.fam, /u/project/gandalm/cindywen/isoform_twas/genotype/all_data/isec_R2_greater_than_3/ancestry/merge.reheader.chr11_rsid.log, /u/project/gandalm/cindywen/isoform_twas/genotype/all_data/isec_R2_greater_than_3/ancestry/merge.reheader.chr11_rsid.nosex
    output: /u/project/gandalm/cindywen/isoform_twas/genotype/all_data/isec_R2_greater_than_3/ancestry/filtered.chr11.bed, /u/project/gandalm/cindywen/isoform_twas/genotype/all_data/isec_R2_greater_than_3/ancestry/filtered.chr11.bim, /u/project/gandalm/cindywen/isoform_twas/genotype/all_data/isec_R2_greater_than_3/ancestry/filtered.chr11.fam, /u/project/gandalm/cindywen/isoform_twas/genotype/all_data/isec_R2_greater_than_3/ancestry/filtered.chr11.log, /u/project/gandalm/cindywen/isoform_twas/genotype/all_data/isec_R2_greater_than_3/ancestry/filtered.chr11.nosex
    jobid: 33
    wildcards: chr_num=11
    resources: mem_gb=4, time_min=60, num_cores=1


[Fri Feb 26 22:04:01 2021]
rule variant_qc:
    input: /u/project/gandalm/cindywen/isoform_twas/genotype/all_data/isec_R2_greater_than_3/ancestry/merge.reheader.chr18_rsid.bed, /u/project/gandalm/cindywen/isoform_twas/genotype/all_data/isec_R2_greater_than_3/ancestry/merge.reheader.chr18_rsid.bim, /u/project/gandalm/cindywen/isoform_twas/genotype/all_data/isec_R2_greater_than_3/ancestry/merge.reheader.chr18_rsid.fam, /u/project/gandalm/cindywen/isoform_twas/genotype/all_data/isec_R2_greater_than_3/ancestry/merge.reheader.chr18_rsid.log, /u/project/gandalm/cindywen/isoform_twas/genotype/all_data/isec_R2_greater_than_3/ancestry/merge.reheader.chr18_rsid.nosex
    output: /u/project/gandalm/cindywen/isoform_twas/genotype/all_data/isec_R2_greater_than_3/ancestry/filtered.chr18.bed, /u/project/gandalm/cindywen/isoform_twas/genotype/all_data/isec_R2_greater_than_3/ancestry/filtered.chr18.bim, /u/project/gandalm/cindywen/isoform_twas/genotype/all_data/isec_R2_greater_than_3/ancestry/filtered.chr18.fam, /u/project/gandalm/cindywen/isoform_twas/genotype/all_data/isec_R2_greater_than_3/ancestry/filtered.chr18.log, /u/project/gandalm/cindywen/isoform_twas/genotype/all_data/isec_R2_greater_than_3/ancestry/filtered.chr18.nosex
    jobid: 40
    wildcards: chr_num=18
    resources: mem_gb=4, time_min=60, num_cores=1


[Fri Feb 26 22:04:01 2021]
rule variant_qc:
    input: /u/project/gandalm/cindywen/isoform_twas/genotype/all_data/isec_R2_greater_than_3/ancestry/merge.reheader.chr4_rsid.bed, /u/project/gandalm/cindywen/isoform_twas/genotype/all_data/isec_R2_greater_than_3/ancestry/merge.reheader.chr4_rsid.bim, /u/project/gandalm/cindywen/isoform_twas/genotype/all_data/isec_R2_greater_than_3/ancestry/merge.reheader.chr4_rsid.fam, /u/project/gandalm/cindywen/isoform_twas/genotype/all_data/isec_R2_greater_than_3/ancestry/merge.reheader.chr4_rsid.log, /u/project/gandalm/cindywen/isoform_twas/genotype/all_data/isec_R2_greater_than_3/ancestry/merge.reheader.chr4_rsid.nosex
    output: /u/project/gandalm/cindywen/isoform_twas/genotype/all_data/isec_R2_greater_than_3/ancestry/filtered.chr4.bed, /u/project/gandalm/cindywen/isoform_twas/genotype/all_data/isec_R2_greater_than_3/ancestry/filtered.chr4.bim, /u/project/gandalm/cindywen/isoform_twas/genotype/all_data/isec_R2_greater_than_3/ancestry/filtered.chr4.fam, /u/project/gandalm/cindywen/isoform_twas/genotype/all_data/isec_R2_greater_than_3/ancestry/filtered.chr4.log, /u/project/gandalm/cindywen/isoform_twas/genotype/all_data/isec_R2_greater_than_3/ancestry/filtered.chr4.nosex
    jobid: 26
    wildcards: chr_num=4
    resources: mem_gb=4, time_min=60, num_cores=1


[Fri Feb 26 22:04:01 2021]
rule variant_qc:
    input: /u/project/gandalm/cindywen/isoform_twas/genotype/all_data/isec_R2_greater_than_3/ancestry/merge.reheader.chr12_rsid.bed, /u/project/gandalm/cindywen/isoform_twas/genotype/all_data/isec_R2_greater_than_3/ancestry/merge.reheader.chr12_rsid.bim, /u/project/gandalm/cindywen/isoform_twas/genotype/all_data/isec_R2_greater_than_3/ancestry/merge.reheader.chr12_rsid.fam, /u/project/gandalm/cindywen/isoform_twas/genotype/all_data/isec_R2_greater_than_3/ancestry/merge.reheader.chr12_rsid.log, /u/project/gandalm/cindywen/isoform_twas/genotype/all_data/isec_R2_greater_than_3/ancestry/merge.reheader.chr12_rsid.nosex
    output: /u/project/gandalm/cindywen/isoform_twas/genotype/all_data/isec_R2_greater_than_3/ancestry/filtered.chr12.bed, /u/project/gandalm/cindywen/isoform_twas/genotype/all_data/isec_R2_greater_than_3/ancestry/filtered.chr12.bim, /u/project/gandalm/cindywen/isoform_twas/genotype/all_data/isec_R2_greater_than_3/ancestry/filtered.chr12.fam, /u/project/gandalm/cindywen/isoform_twas/genotype/all_data/isec_R2_greater_than_3/ancestry/filtered.chr12.log, /u/project/gandalm/cindywen/isoform_twas/genotype/all_data/isec_R2_greater_than_3/ancestry/filtered.chr12.nosex
    jobid: 34
    wildcards: chr_num=12
    resources: mem_gb=4, time_min=60, num_cores=1


[Fri Feb 26 22:04:01 2021]
rule variant_qc:
    input: /u/project/gandalm/cindywen/isoform_twas/genotype/all_data/isec_R2_greater_than_3/ancestry/merge.reheader.chr19_rsid.bed, /u/project/gandalm/cindywen/isoform_twas/genotype/all_data/isec_R2_greater_than_3/ancestry/merge.reheader.chr19_rsid.bim, /u/project/gandalm/cindywen/isoform_twas/genotype/all_data/isec_R2_greater_than_3/ancestry/merge.reheader.chr19_rsid.fam, /u/project/gandalm/cindywen/isoform_twas/genotype/all_data/isec_R2_greater_than_3/ancestry/merge.reheader.chr19_rsid.log, /u/project/gandalm/cindywen/isoform_twas/genotype/all_data/isec_R2_greater_than_3/ancestry/merge.reheader.chr19_rsid.nosex
    output: /u/project/gandalm/cindywen/isoform_twas/genotype/all_data/isec_R2_greater_than_3/ancestry/filtered.chr19.bed, /u/project/gandalm/cindywen/isoform_twas/genotype/all_data/isec_R2_greater_than_3/ancestry/filtered.chr19.bim, /u/project/gandalm/cindywen/isoform_twas/genotype/all_data/isec_R2_greater_than_3/ancestry/filtered.chr19.fam, /u/project/gandalm/cindywen/isoform_twas/genotype/all_data/isec_R2_greater_than_3/ancestry/filtered.chr19.log, /u/project/gandalm/cindywen/isoform_twas/genotype/all_data/isec_R2_greater_than_3/ancestry/filtered.chr19.nosex
    jobid: 41
    wildcards: chr_num=19
    resources: mem_gb=4, time_min=60, num_cores=1


[Fri Feb 26 22:04:01 2021]
rule variant_qc:
    input: /u/project/gandalm/cindywen/isoform_twas/genotype/all_data/isec_R2_greater_than_3/ancestry/merge.reheader.chr5_rsid.bed, /u/project/gandalm/cindywen/isoform_twas/genotype/all_data/isec_R2_greater_than_3/ancestry/merge.reheader.chr5_rsid.bim, /u/project/gandalm/cindywen/isoform_twas/genotype/all_data/isec_R2_greater_than_3/ancestry/merge.reheader.chr5_rsid.fam, /u/project/gandalm/cindywen/isoform_twas/genotype/all_data/isec_R2_greater_than_3/ancestry/merge.reheader.chr5_rsid.log, /u/project/gandalm/cindywen/isoform_twas/genotype/all_data/isec_R2_greater_than_3/ancestry/merge.reheader.chr5_rsid.nosex
    output: /u/project/gandalm/cindywen/isoform_twas/genotype/all_data/isec_R2_greater_than_3/ancestry/filtered.chr5.bed, /u/project/gandalm/cindywen/isoform_twas/genotype/all_data/isec_R2_greater_than_3/ancestry/filtered.chr5.bim, /u/project/gandalm/cindywen/isoform_twas/genotype/all_data/isec_R2_greater_than_3/ancestry/filtered.chr5.fam, /u/project/gandalm/cindywen/isoform_twas/genotype/all_data/isec_R2_greater_than_3/ancestry/filtered.chr5.log, /u/project/gandalm/cindywen/isoform_twas/genotype/all_data/isec_R2_greater_than_3/ancestry/filtered.chr5.nosex
    jobid: 27
    wildcards: chr_num=5
    resources: mem_gb=4, time_min=60, num_cores=1


[Fri Feb 26 22:04:01 2021]
rule variant_qc:
    input: /u/project/gandalm/cindywen/isoform_twas/genotype/all_data/isec_R2_greater_than_3/ancestry/merge.reheader.chr13_rsid.bed, /u/project/gandalm/cindywen/isoform_twas/genotype/all_data/isec_R2_greater_than_3/ancestry/merge.reheader.chr13_rsid.bim, /u/project/gandalm/cindywen/isoform_twas/genotype/all_data/isec_R2_greater_than_3/ancestry/merge.reheader.chr13_rsid.fam, /u/project/gandalm/cindywen/isoform_twas/genotype/all_data/isec_R2_greater_than_3/ancestry/merge.reheader.chr13_rsid.log, /u/project/gandalm/cindywen/isoform_twas/genotype/all_data/isec_R2_greater_than_3/ancestry/merge.reheader.chr13_rsid.nosex
    output: /u/project/gandalm/cindywen/isoform_twas/genotype/all_data/isec_R2_greater_than_3/ancestry/filtered.chr13.bed, /u/project/gandalm/cindywen/isoform_twas/genotype/all_data/isec_R2_greater_than_3/ancestry/filtered.chr13.bim, /u/project/gandalm/cindywen/isoform_twas/genotype/all_data/isec_R2_greater_than_3/ancestry/filtered.chr13.fam, /u/project/gandalm/cindywen/isoform_twas/genotype/all_data/isec_R2_greater_than_3/ancestry/filtered.chr13.log, /u/project/gandalm/cindywen/isoform_twas/genotype/all_data/isec_R2_greater_than_3/ancestry/filtered.chr13.nosex
    jobid: 35
    wildcards: chr_num=13
    resources: mem_gb=4, time_min=60, num_cores=1


[Fri Feb 26 22:04:01 2021]
rule variant_qc:
    input: /u/project/gandalm/cindywen/isoform_twas/genotype/all_data/isec_R2_greater_than_3/ancestry/merge.reheader.chr20_rsid.bed, /u/project/gandalm/cindywen/isoform_twas/genotype/all_data/isec_R2_greater_than_3/ancestry/merge.reheader.chr20_rsid.bim, /u/project/gandalm/cindywen/isoform_twas/genotype/all_data/isec_R2_greater_than_3/ancestry/merge.reheader.chr20_rsid.fam, /u/project/gandalm/cindywen/isoform_twas/genotype/all_data/isec_R2_greater_than_3/ancestry/merge.reheader.chr20_rsid.log, /u/project/gandalm/cindywen/isoform_twas/genotype/all_data/isec_R2_greater_than_3/ancestry/merge.reheader.chr20_rsid.nosex
    output: /u/project/gandalm/cindywen/isoform_twas/genotype/all_data/isec_R2_greater_than_3/ancestry/filtered.chr20.bed, /u/project/gandalm/cindywen/isoform_twas/genotype/all_data/isec_R2_greater_than_3/ancestry/filtered.chr20.bim, /u/project/gandalm/cindywen/isoform_twas/genotype/all_data/isec_R2_greater_than_3/ancestry/filtered.chr20.fam, /u/project/gandalm/cindywen/isoform_twas/genotype/all_data/isec_R2_greater_than_3/ancestry/filtered.chr20.log, /u/project/gandalm/cindywen/isoform_twas/genotype/all_data/isec_R2_greater_than_3/ancestry/filtered.chr20.nosex
    jobid: 42
    wildcards: chr_num=20
    resources: mem_gb=4, time_min=60, num_cores=1


[Fri Feb 26 22:04:02 2021]
rule variant_qc:
    input: /u/project/gandalm/cindywen/isoform_twas/genotype/all_data/isec_R2_greater_than_3/ancestry/merge.reheader.chr6_rsid.bed, /u/project/gandalm/cindywen/isoform_twas/genotype/all_data/isec_R2_greater_than_3/ancestry/merge.reheader.chr6_rsid.bim, /u/project/gandalm/cindywen/isoform_twas/genotype/all_data/isec_R2_greater_than_3/ancestry/merge.reheader.chr6_rsid.fam, /u/project/gandalm/cindywen/isoform_twas/genotype/all_data/isec_R2_greater_than_3/ancestry/merge.reheader.chr6_rsid.log, /u/project/gandalm/cindywen/isoform_twas/genotype/all_data/isec_R2_greater_than_3/ancestry/merge.reheader.chr6_rsid.nosex
    output: /u/project/gandalm/cindywen/isoform_twas/genotype/all_data/isec_R2_greater_than_3/ancestry/filtered.chr6.bed, /u/project/gandalm/cindywen/isoform_twas/genotype/all_data/isec_R2_greater_than_3/ancestry/filtered.chr6.bim, /u/project/gandalm/cindywen/isoform_twas/genotype/all_data/isec_R2_greater_than_3/ancestry/filtered.chr6.fam, /u/project/gandalm/cindywen/isoform_twas/genotype/all_data/isec_R2_greater_than_3/ancestry/filtered.chr6.log, /u/project/gandalm/cindywen/isoform_twas/genotype/all_data/isec_R2_greater_than_3/ancestry/filtered.chr6.nosex
    jobid: 28
    wildcards: chr_num=6
    resources: mem_gb=4, time_min=60, num_cores=1


[Fri Feb 26 22:04:02 2021]
rule variant_qc:
    input: /u/project/gandalm/cindywen/isoform_twas/genotype/all_data/isec_R2_greater_than_3/ancestry/merge.reheader.chr14_rsid.bed, /u/project/gandalm/cindywen/isoform_twas/genotype/all_data/isec_R2_greater_than_3/ancestry/merge.reheader.chr14_rsid.bim, /u/project/gandalm/cindywen/isoform_twas/genotype/all_data/isec_R2_greater_than_3/ancestry/merge.reheader.chr14_rsid.fam, /u/project/gandalm/cindywen/isoform_twas/genotype/all_data/isec_R2_greater_than_3/ancestry/merge.reheader.chr14_rsid.log, /u/project/gandalm/cindywen/isoform_twas/genotype/all_data/isec_R2_greater_than_3/ancestry/merge.reheader.chr14_rsid.nosex
    output: /u/project/gandalm/cindywen/isoform_twas/genotype/all_data/isec_R2_greater_than_3/ancestry/filtered.chr14.bed, /u/project/gandalm/cindywen/isoform_twas/genotype/all_data/isec_R2_greater_than_3/ancestry/filtered.chr14.bim, /u/project/gandalm/cindywen/isoform_twas/genotype/all_data/isec_R2_greater_than_3/ancestry/filtered.chr14.fam, /u/project/gandalm/cindywen/isoform_twas/genotype/all_data/isec_R2_greater_than_3/ancestry/filtered.chr14.log, /u/project/gandalm/cindywen/isoform_twas/genotype/all_data/isec_R2_greater_than_3/ancestry/filtered.chr14.nosex
    jobid: 36
    wildcards: chr_num=14
    resources: mem_gb=4, time_min=60, num_cores=1


[Fri Feb 26 22:04:02 2021]
rule variant_qc:
    input: /u/project/gandalm/cindywen/isoform_twas/genotype/all_data/isec_R2_greater_than_3/ancestry/merge.reheader.chr21_rsid.bed, /u/project/gandalm/cindywen/isoform_twas/genotype/all_data/isec_R2_greater_than_3/ancestry/merge.reheader.chr21_rsid.bim, /u/project/gandalm/cindywen/isoform_twas/genotype/all_data/isec_R2_greater_than_3/ancestry/merge.reheader.chr21_rsid.fam, /u/project/gandalm/cindywen/isoform_twas/genotype/all_data/isec_R2_greater_than_3/ancestry/merge.reheader.chr21_rsid.log, /u/project/gandalm/cindywen/isoform_twas/genotype/all_data/isec_R2_greater_than_3/ancestry/merge.reheader.chr21_rsid.nosex
    output: /u/project/gandalm/cindywen/isoform_twas/genotype/all_data/isec_R2_greater_than_3/ancestry/filtered.chr21.bed, /u/project/gandalm/cindywen/isoform_twas/genotype/all_data/isec_R2_greater_than_3/ancestry/filtered.chr21.bim, /u/project/gandalm/cindywen/isoform_twas/genotype/all_data/isec_R2_greater_than_3/ancestry/filtered.chr21.fam, /u/project/gandalm/cindywen/isoform_twas/genotype/all_data/isec_R2_greater_than_3/ancestry/filtered.chr21.log, /u/project/gandalm/cindywen/isoform_twas/genotype/all_data/isec_R2_greater_than_3/ancestry/filtered.chr21.nosex
    jobid: 43
    wildcards: chr_num=21
    resources: mem_gb=4, time_min=60, num_cores=1


[Fri Feb 26 22:04:02 2021]
rule variant_qc:
    input: /u/project/gandalm/cindywen/isoform_twas/genotype/all_data/isec_R2_greater_than_3/ancestry/merge.reheader.chr7_rsid.bed, /u/project/gandalm/cindywen/isoform_twas/genotype/all_data/isec_R2_greater_than_3/ancestry/merge.reheader.chr7_rsid.bim, /u/project/gandalm/cindywen/isoform_twas/genotype/all_data/isec_R2_greater_than_3/ancestry/merge.reheader.chr7_rsid.fam, /u/project/gandalm/cindywen/isoform_twas/genotype/all_data/isec_R2_greater_than_3/ancestry/merge.reheader.chr7_rsid.log, /u/project/gandalm/cindywen/isoform_twas/genotype/all_data/isec_R2_greater_than_3/ancestry/merge.reheader.chr7_rsid.nosex
    output: /u/project/gandalm/cindywen/isoform_twas/genotype/all_data/isec_R2_greater_than_3/ancestry/filtered.chr7.bed, /u/project/gandalm/cindywen/isoform_twas/genotype/all_data/isec_R2_greater_than_3/ancestry/filtered.chr7.bim, /u/project/gandalm/cindywen/isoform_twas/genotype/all_data/isec_R2_greater_than_3/ancestry/filtered.chr7.fam, /u/project/gandalm/cindywen/isoform_twas/genotype/all_data/isec_R2_greater_than_3/ancestry/filtered.chr7.log, /u/project/gandalm/cindywen/isoform_twas/genotype/all_data/isec_R2_greater_than_3/ancestry/filtered.chr7.nosex
    jobid: 29
    wildcards: chr_num=7
    resources: mem_gb=4, time_min=60, num_cores=1


[Fri Feb 26 22:04:02 2021]
rule variant_qc:
    input: /u/project/gandalm/cindywen/isoform_twas/genotype/all_data/isec_R2_greater_than_3/ancestry/merge.reheader.chr15_rsid.bed, /u/project/gandalm/cindywen/isoform_twas/genotype/all_data/isec_R2_greater_than_3/ancestry/merge.reheader.chr15_rsid.bim, /u/project/gandalm/cindywen/isoform_twas/genotype/all_data/isec_R2_greater_than_3/ancestry/merge.reheader.chr15_rsid.fam, /u/project/gandalm/cindywen/isoform_twas/genotype/all_data/isec_R2_greater_than_3/ancestry/merge.reheader.chr15_rsid.log, /u/project/gandalm/cindywen/isoform_twas/genotype/all_data/isec_R2_greater_than_3/ancestry/merge.reheader.chr15_rsid.nosex
    output: /u/project/gandalm/cindywen/isoform_twas/genotype/all_data/isec_R2_greater_than_3/ancestry/filtered.chr15.bed, /u/project/gandalm/cindywen/isoform_twas/genotype/all_data/isec_R2_greater_than_3/ancestry/filtered.chr15.bim, /u/project/gandalm/cindywen/isoform_twas/genotype/all_data/isec_R2_greater_than_3/ancestry/filtered.chr15.fam, /u/project/gandalm/cindywen/isoform_twas/genotype/all_data/isec_R2_greater_than_3/ancestry/filtered.chr15.log, /u/project/gandalm/cindywen/isoform_twas/genotype/all_data/isec_R2_greater_than_3/ancestry/filtered.chr15.nosex
    jobid: 37
    wildcards: chr_num=15
    resources: mem_gb=4, time_min=60, num_cores=1


[Fri Feb 26 22:04:02 2021]
rule variant_qc:
    input: /u/project/gandalm/cindywen/isoform_twas/genotype/all_data/isec_R2_greater_than_3/ancestry/merge.reheader.chr22_rsid.bed, /u/project/gandalm/cindywen/isoform_twas/genotype/all_data/isec_R2_greater_than_3/ancestry/merge.reheader.chr22_rsid.bim, /u/project/gandalm/cindywen/isoform_twas/genotype/all_data/isec_R2_greater_than_3/ancestry/merge.reheader.chr22_rsid.fam, /u/project/gandalm/cindywen/isoform_twas/genotype/all_data/isec_R2_greater_than_3/ancestry/merge.reheader.chr22_rsid.log, /u/project/gandalm/cindywen/isoform_twas/genotype/all_data/isec_R2_greater_than_3/ancestry/merge.reheader.chr22_rsid.nosex
    output: /u/project/gandalm/cindywen/isoform_twas/genotype/all_data/isec_R2_greater_than_3/ancestry/filtered.chr22.bed, /u/project/gandalm/cindywen/isoform_twas/genotype/all_data/isec_R2_greater_than_3/ancestry/filtered.chr22.bim, /u/project/gandalm/cindywen/isoform_twas/genotype/all_data/isec_R2_greater_than_3/ancestry/filtered.chr22.fam, /u/project/gandalm/cindywen/isoform_twas/genotype/all_data/isec_R2_greater_than_3/ancestry/filtered.chr22.log, /u/project/gandalm/cindywen/isoform_twas/genotype/all_data/isec_R2_greater_than_3/ancestry/filtered.chr22.nosex
    jobid: 44
    wildcards: chr_num=22
    resources: mem_gb=4, time_min=60, num_cores=1


[Fri Feb 26 22:04:02 2021]
rule variant_qc:
    input: /u/project/gandalm/cindywen/isoform_twas/genotype/all_data/isec_R2_greater_than_3/ancestry/merge.reheader.chr1_rsid.bed, /u/project/gandalm/cindywen/isoform_twas/genotype/all_data/isec_R2_greater_than_3/ancestry/merge.reheader.chr1_rsid.bim, /u/project/gandalm/cindywen/isoform_twas/genotype/all_data/isec_R2_greater_than_3/ancestry/merge.reheader.chr1_rsid.fam, /u/project/gandalm/cindywen/isoform_twas/genotype/all_data/isec_R2_greater_than_3/ancestry/merge.reheader.chr1_rsid.log, /u/project/gandalm/cindywen/isoform_twas/genotype/all_data/isec_R2_greater_than_3/ancestry/merge.reheader.chr1_rsid.nosex
    output: /u/project/gandalm/cindywen/isoform_twas/genotype/all_data/isec_R2_greater_than_3/ancestry/filtered.chr1.bed, /u/project/gandalm/cindywen/isoform_twas/genotype/all_data/isec_R2_greater_than_3/ancestry/filtered.chr1.bim, /u/project/gandalm/cindywen/isoform_twas/genotype/all_data/isec_R2_greater_than_3/ancestry/filtered.chr1.fam, /u/project/gandalm/cindywen/isoform_twas/genotype/all_data/isec_R2_greater_than_3/ancestry/filtered.chr1.log, /u/project/gandalm/cindywen/isoform_twas/genotype/all_data/isec_R2_greater_than_3/ancestry/filtered.chr1.nosex
    jobid: 23
    wildcards: chr_num=1
    resources: mem_gb=4, time_min=60, num_cores=1


[Fri Feb 26 22:04:02 2021]
rule variant_qc:
    input: /u/project/gandalm/cindywen/isoform_twas/genotype/all_data/isec_R2_greater_than_3/ancestry/merge.reheader.chr8_rsid.bed, /u/project/gandalm/cindywen/isoform_twas/genotype/all_data/isec_R2_greater_than_3/ancestry/merge.reheader.chr8_rsid.bim, /u/project/gandalm/cindywen/isoform_twas/genotype/all_data/isec_R2_greater_than_3/ancestry/merge.reheader.chr8_rsid.fam, /u/project/gandalm/cindywen/isoform_twas/genotype/all_data/isec_R2_greater_than_3/ancestry/merge.reheader.chr8_rsid.log, /u/project/gandalm/cindywen/isoform_twas/genotype/all_data/isec_R2_greater_than_3/ancestry/merge.reheader.chr8_rsid.nosex
    output: /u/project/gandalm/cindywen/isoform_twas/genotype/all_data/isec_R2_greater_than_3/ancestry/filtered.chr8.bed, /u/project/gandalm/cindywen/isoform_twas/genotype/all_data/isec_R2_greater_than_3/ancestry/filtered.chr8.bim, /u/project/gandalm/cindywen/isoform_twas/genotype/all_data/isec_R2_greater_than_3/ancestry/filtered.chr8.fam, /u/project/gandalm/cindywen/isoform_twas/genotype/all_data/isec_R2_greater_than_3/ancestry/filtered.chr8.log, /u/project/gandalm/cindywen/isoform_twas/genotype/all_data/isec_R2_greater_than_3/ancestry/filtered.chr8.nosex
    jobid: 30
    wildcards: chr_num=8
    resources: mem_gb=4, time_min=60, num_cores=1


[Fri Feb 26 22:04:02 2021]
rule variant_qc:
    input: /u/project/gandalm/cindywen/isoform_twas/genotype/all_data/isec_R2_greater_than_3/ancestry/merge.reheader.chr16_rsid.bed, /u/project/gandalm/cindywen/isoform_twas/genotype/all_data/isec_R2_greater_than_3/ancestry/merge.reheader.chr16_rsid.bim, /u/project/gandalm/cindywen/isoform_twas/genotype/all_data/isec_R2_greater_than_3/ancestry/merge.reheader.chr16_rsid.fam, /u/project/gandalm/cindywen/isoform_twas/genotype/all_data/isec_R2_greater_than_3/ancestry/merge.reheader.chr16_rsid.log, /u/project/gandalm/cindywen/isoform_twas/genotype/all_data/isec_R2_greater_than_3/ancestry/merge.reheader.chr16_rsid.nosex
    output: /u/project/gandalm/cindywen/isoform_twas/genotype/all_data/isec_R2_greater_than_3/ancestry/filtered.chr16.bed, /u/project/gandalm/cindywen/isoform_twas/genotype/all_data/isec_R2_greater_than_3/ancestry/filtered.chr16.bim, /u/project/gandalm/cindywen/isoform_twas/genotype/all_data/isec_R2_greater_than_3/ancestry/filtered.chr16.fam, /u/project/gandalm/cindywen/isoform_twas/genotype/all_data/isec_R2_greater_than_3/ancestry/filtered.chr16.log, /u/project/gandalm/cindywen/isoform_twas/genotype/all_data/isec_R2_greater_than_3/ancestry/filtered.chr16.nosex
    jobid: 38
    wildcards: chr_num=16
    resources: mem_gb=4, time_min=60, num_cores=1


[Fri Feb 26 22:04:02 2021]
rule variant_qc:
    input: /u/project/gandalm/cindywen/isoform_twas/genotype/all_data/isec_R2_greater_than_3/ancestry/merge.reheader.chr2_rsid.bed, /u/project/gandalm/cindywen/isoform_twas/genotype/all_data/isec_R2_greater_than_3/ancestry/merge.reheader.chr2_rsid.bim, /u/project/gandalm/cindywen/isoform_twas/genotype/all_data/isec_R2_greater_than_3/ancestry/merge.reheader.chr2_rsid.fam, /u/project/gandalm/cindywen/isoform_twas/genotype/all_data/isec_R2_greater_than_3/ancestry/merge.reheader.chr2_rsid.log, /u/project/gandalm/cindywen/isoform_twas/genotype/all_data/isec_R2_greater_than_3/ancestry/merge.reheader.chr2_rsid.nosex
    output: /u/project/gandalm/cindywen/isoform_twas/genotype/all_data/isec_R2_greater_than_3/ancestry/filtered.chr2.bed, /u/project/gandalm/cindywen/isoform_twas/genotype/all_data/isec_R2_greater_than_3/ancestry/filtered.chr2.bim, /u/project/gandalm/cindywen/isoform_twas/genotype/all_data/isec_R2_greater_than_3/ancestry/filtered.chr2.fam, /u/project/gandalm/cindywen/isoform_twas/genotype/all_data/isec_R2_greater_than_3/ancestry/filtered.chr2.log, /u/project/gandalm/cindywen/isoform_twas/genotype/all_data/isec_R2_greater_than_3/ancestry/filtered.chr2.nosex
    jobid: 24
    wildcards: chr_num=2
    resources: mem_gb=4, time_min=60, num_cores=1


[Fri Feb 26 22:04:02 2021]
rule variant_qc:
    input: /u/project/gandalm/cindywen/isoform_twas/genotype/all_data/isec_R2_greater_than_3/ancestry/merge.reheader.chr9_rsid.bed, /u/project/gandalm/cindywen/isoform_twas/genotype/all_data/isec_R2_greater_than_3/ancestry/merge.reheader.chr9_rsid.bim, /u/project/gandalm/cindywen/isoform_twas/genotype/all_data/isec_R2_greater_than_3/ancestry/merge.reheader.chr9_rsid.fam, /u/project/gandalm/cindywen/isoform_twas/genotype/all_data/isec_R2_greater_than_3/ancestry/merge.reheader.chr9_rsid.log, /u/project/gandalm/cindywen/isoform_twas/genotype/all_data/isec_R2_greater_than_3/ancestry/merge.reheader.chr9_rsid.nosex
    output: /u/project/gandalm/cindywen/isoform_twas/genotype/all_data/isec_R2_greater_than_3/ancestry/filtered.chr9.bed, /u/project/gandalm/cindywen/isoform_twas/genotype/all_data/isec_R2_greater_than_3/ancestry/filtered.chr9.bim, /u/project/gandalm/cindywen/isoform_twas/genotype/all_data/isec_R2_greater_than_3/ancestry/filtered.chr9.fam, /u/project/gandalm/cindywen/isoform_twas/genotype/all_data/isec_R2_greater_than_3/ancestry/filtered.chr9.log, /u/project/gandalm/cindywen/isoform_twas/genotype/all_data/isec_R2_greater_than_3/ancestry/filtered.chr9.nosex
    jobid: 31
    wildcards: chr_num=9
    resources: mem_gb=4, time_min=60, num_cores=1


[Fri Feb 26 22:04:02 2021]
rule variant_qc:
    input: /u/project/gandalm/cindywen/isoform_twas/genotype/all_data/isec_R2_greater_than_3/ancestry/merge.reheader.chr17_rsid.bed, /u/project/gandalm/cindywen/isoform_twas/genotype/all_data/isec_R2_greater_than_3/ancestry/merge.reheader.chr17_rsid.bim, /u/project/gandalm/cindywen/isoform_twas/genotype/all_data/isec_R2_greater_than_3/ancestry/merge.reheader.chr17_rsid.fam, /u/project/gandalm/cindywen/isoform_twas/genotype/all_data/isec_R2_greater_than_3/ancestry/merge.reheader.chr17_rsid.log, /u/project/gandalm/cindywen/isoform_twas/genotype/all_data/isec_R2_greater_than_3/ancestry/merge.reheader.chr17_rsid.nosex
    output: /u/project/gandalm/cindywen/isoform_twas/genotype/all_data/isec_R2_greater_than_3/ancestry/filtered.chr17.bed, /u/project/gandalm/cindywen/isoform_twas/genotype/all_data/isec_R2_greater_than_3/ancestry/filtered.chr17.bim, /u/project/gandalm/cindywen/isoform_twas/genotype/all_data/isec_R2_greater_than_3/ancestry/filtered.chr17.fam, /u/project/gandalm/cindywen/isoform_twas/genotype/all_data/isec_R2_greater_than_3/ancestry/filtered.chr17.log, /u/project/gandalm/cindywen/isoform_twas/genotype/all_data/isec_R2_greater_than_3/ancestry/filtered.chr17.nosex
    jobid: 39
    wildcards: chr_num=17
    resources: mem_gb=4, time_min=60, num_cores=1


[Fri Feb 26 22:04:02 2021]
rule variant_qc:
    input: /u/project/gandalm/cindywen/isoform_twas/genotype/all_data/isec_R2_greater_than_3/ancestry/merge.reheader.chr10_rsid.bed, /u/project/gandalm/cindywen/isoform_twas/genotype/all_data/isec_R2_greater_than_3/ancestry/merge.reheader.chr10_rsid.bim, /u/project/gandalm/cindywen/isoform_twas/genotype/all_data/isec_R2_greater_than_3/ancestry/merge.reheader.chr10_rsid.fam, /u/project/gandalm/cindywen/isoform_twas/genotype/all_data/isec_R2_greater_than_3/ancestry/merge.reheader.chr10_rsid.log, /u/project/gandalm/cindywen/isoform_twas/genotype/all_data/isec_R2_greater_than_3/ancestry/merge.reheader.chr10_rsid.nosex
    output: /u/project/gandalm/cindywen/isoform_twas/genotype/all_data/isec_R2_greater_than_3/ancestry/filtered.chr10.bed, /u/project/gandalm/cindywen/isoform_twas/genotype/all_data/isec_R2_greater_than_3/ancestry/filtered.chr10.bim, /u/project/gandalm/cindywen/isoform_twas/genotype/all_data/isec_R2_greater_than_3/ancestry/filtered.chr10.fam, /u/project/gandalm/cindywen/isoform_twas/genotype/all_data/isec_R2_greater_than_3/ancestry/filtered.chr10.log, /u/project/gandalm/cindywen/isoform_twas/genotype/all_data/isec_R2_greater_than_3/ancestry/filtered.chr10.nosex
    jobid: 32
    wildcards: chr_num=10
    resources: mem_gb=4, time_min=60, num_cores=1

Waiting at most 5 seconds for missing files.
[Fri Feb 26 22:04:26 2021]
Finished job 42.
1 of 23 steps (4%) done
[Fri Feb 26 22:04:26 2021]
Finished job 28.
2 of 23 steps (9%) done
[Fri Feb 26 22:04:27 2021]
Finished job 36.
3 of 23 steps (13%) done
[Fri Feb 26 22:04:27 2021]
Finished job 44.
4 of 23 steps (17%) done
[Fri Feb 26 22:04:27 2021]
Finished job 38.
5 of 23 steps (22%) done
[Fri Feb 26 22:04:27 2021]
Finished job 24.
6 of 23 steps (26%) done
[Fri Feb 26 22:04:28 2021]
Finished job 31.
7 of 23 steps (30%) done
[Fri Feb 26 22:04:38 2021]
Finished job 25.
8 of 23 steps (35%) done
[Fri Feb 26 22:04:38 2021]
Finished job 33.
9 of 23 steps (39%) done
[Fri Feb 26 22:04:38 2021]
Finished job 40.
10 of 23 steps (43%) done
[Fri Feb 26 22:04:38 2021]
Finished job 26.
11 of 23 steps (48%) done
[Fri Feb 26 22:04:38 2021]
Finished job 34.
12 of 23 steps (52%) done
[Fri Feb 26 22:04:38 2021]
Finished job 41.
13 of 23 steps (57%) done
[Fri Feb 26 22:04:38 2021]
Finished job 27.
14 of 23 steps (61%) done
[Fri Feb 26 22:04:39 2021]
Finished job 35.
15 of 23 steps (65%) done
[Fri Feb 26 22:04:39 2021]
Finished job 43.
16 of 23 steps (70%) done
[Fri Feb 26 22:04:39 2021]
Finished job 29.
17 of 23 steps (74%) done
[Fri Feb 26 22:04:39 2021]
Finished job 37.
18 of 23 steps (78%) done
[Fri Feb 26 22:04:39 2021]
Finished job 23.
19 of 23 steps (83%) done
[Fri Feb 26 22:04:39 2021]
Finished job 30.
20 of 23 steps (87%) done
[Fri Feb 26 22:04:39 2021]
Finished job 39.
21 of 23 steps (91%) done
[Fri Feb 26 22:04:39 2021]
Finished job 32.
22 of 23 steps (96%) done

[Fri Feb 26 22:04:39 2021]
localrule all:
    input: /u/project/gandalm/cindywen/isoform_twas/genotype/all_data/isec_R2_greater_than_3/ancestry/merge.reheader.chr1_remaining_chrpos.txt, /u/project/gandalm/cindywen/isoform_twas/genotype/all_data/isec_R2_greater_than_3/ancestry/merge.reheader.chr2_remaining_chrpos.txt, /u/project/gandalm/cindywen/isoform_twas/genotype/all_data/isec_R2_greater_than_3/ancestry/merge.reheader.chr3_remaining_chrpos.txt, /u/project/gandalm/cindywen/isoform_twas/genotype/all_data/isec_R2_greater_than_3/ancestry/merge.reheader.chr4_remaining_chrpos.txt, /u/project/gandalm/cindywen/isoform_twas/genotype/all_data/isec_R2_greater_than_3/ancestry/merge.reheader.chr5_remaining_chrpos.txt, /u/project/gandalm/cindywen/isoform_twas/genotype/all_data/isec_R2_greater_than_3/ancestry/merge.reheader.chr6_remaining_chrpos.txt, /u/project/gandalm/cindywen/isoform_twas/genotype/all_data/isec_R2_greater_than_3/ancestry/merge.reheader.chr7_remaining_chrpos.txt, /u/project/gandalm/cindywen/isoform_twas/genotype/all_data/isec_R2_greater_than_3/ancestry/merge.reheader.chr8_remaining_chrpos.txt, /u/project/gandalm/cindywen/isoform_twas/genotype/all_data/isec_R2_greater_than_3/ancestry/merge.reheader.chr9_remaining_chrpos.txt, /u/project/gandalm/cindywen/isoform_twas/genotype/all_data/isec_R2_greater_than_3/ancestry/merge.reheader.chr10_remaining_chrpos.txt, /u/project/gandalm/cindywen/isoform_twas/genotype/all_data/isec_R2_greater_than_3/ancestry/merge.reheader.chr11_remaining_chrpos.txt, /u/project/gandalm/cindywen/isoform_twas/genotype/all_data/isec_R2_greater_than_3/ancestry/merge.reheader.chr12_remaining_chrpos.txt, /u/project/gandalm/cindywen/isoform_twas/genotype/all_data/isec_R2_greater_than_3/ancestry/merge.reheader.chr13_remaining_chrpos.txt, /u/project/gandalm/cindywen/isoform_twas/genotype/all_data/isec_R2_greater_than_3/ancestry/merge.reheader.chr14_remaining_chrpos.txt, /u/project/gandalm/cindywen/isoform_twas/genotype/all_data/isec_R2_greater_than_3/ancestry/merge.reheader.chr15_remaining_chrpos.txt, /u/project/gandalm/cindywen/isoform_twas/genotype/all_data/isec_R2_greater_than_3/ancestry/merge.reheader.chr16_remaining_chrpos.txt, /u/project/gandalm/cindywen/isoform_twas/genotype/all_data/isec_R2_greater_than_3/ancestry/merge.reheader.chr17_remaining_chrpos.txt, /u/project/gandalm/cindywen/isoform_twas/genotype/all_data/isec_R2_greater_than_3/ancestry/merge.reheader.chr18_remaining_chrpos.txt, /u/project/gandalm/cindywen/isoform_twas/genotype/all_data/isec_R2_greater_than_3/ancestry/merge.reheader.chr19_remaining_chrpos.txt, /u/project/gandalm/cindywen/isoform_twas/genotype/all_data/isec_R2_greater_than_3/ancestry/merge.reheader.chr20_remaining_chrpos.txt, /u/project/gandalm/cindywen/isoform_twas/genotype/all_data/isec_R2_greater_than_3/ancestry/merge.reheader.chr21_remaining_chrpos.txt, /u/project/gandalm/cindywen/isoform_twas/genotype/all_data/isec_R2_greater_than_3/ancestry/merge.reheader.chr22_remaining_chrpos.txt, /u/project/gandalm/cindywen/isoform_twas/genotype/all_data/isec_R2_greater_than_3/ancestry/filtered.chr1.bed, /u/project/gandalm/cindywen/isoform_twas/genotype/all_data/isec_R2_greater_than_3/ancestry/filtered.chr2.bed, /u/project/gandalm/cindywen/isoform_twas/genotype/all_data/isec_R2_greater_than_3/ancestry/filtered.chr3.bed, /u/project/gandalm/cindywen/isoform_twas/genotype/all_data/isec_R2_greater_than_3/ancestry/filtered.chr4.bed, /u/project/gandalm/cindywen/isoform_twas/genotype/all_data/isec_R2_greater_than_3/ancestry/filtered.chr5.bed, /u/project/gandalm/cindywen/isoform_twas/genotype/all_data/isec_R2_greater_than_3/ancestry/filtered.chr6.bed, /u/project/gandalm/cindywen/isoform_twas/genotype/all_data/isec_R2_greater_than_3/ancestry/filtered.chr7.bed, /u/project/gandalm/cindywen/isoform_twas/genotype/all_data/isec_R2_greater_than_3/ancestry/filtered.chr8.bed, /u/project/gandalm/cindywen/isoform_twas/genotype/all_data/isec_R2_greater_than_3/ancestry/filtered.chr9.bed, /u/project/gandalm/cindywen/isoform_twas/genotype/all_data/isec_R2_greater_than_3/ancestry/filtered.chr10.bed, /u/project/gandalm/cindywen/isoform_twas/genotype/all_data/isec_R2_greater_than_3/ancestry/filtered.chr11.bed, /u/project/gandalm/cindywen/isoform_twas/genotype/all_data/isec_R2_greater_than_3/ancestry/filtered.chr12.bed, /u/project/gandalm/cindywen/isoform_twas/genotype/all_data/isec_R2_greater_than_3/ancestry/filtered.chr13.bed, /u/project/gandalm/cindywen/isoform_twas/genotype/all_data/isec_R2_greater_than_3/ancestry/filtered.chr14.bed, /u/project/gandalm/cindywen/isoform_twas/genotype/all_data/isec_R2_greater_than_3/ancestry/filtered.chr15.bed, /u/project/gandalm/cindywen/isoform_twas/genotype/all_data/isec_R2_greater_than_3/ancestry/filtered.chr16.bed, /u/project/gandalm/cindywen/isoform_twas/genotype/all_data/isec_R2_greater_than_3/ancestry/filtered.chr17.bed, /u/project/gandalm/cindywen/isoform_twas/genotype/all_data/isec_R2_greater_than_3/ancestry/filtered.chr18.bed, /u/project/gandalm/cindywen/isoform_twas/genotype/all_data/isec_R2_greater_than_3/ancestry/filtered.chr19.bed, /u/project/gandalm/cindywen/isoform_twas/genotype/all_data/isec_R2_greater_than_3/ancestry/filtered.chr20.bed, /u/project/gandalm/cindywen/isoform_twas/genotype/all_data/isec_R2_greater_than_3/ancestry/filtered.chr21.bed, /u/project/gandalm/cindywen/isoform_twas/genotype/all_data/isec_R2_greater_than_3/ancestry/filtered.chr22.bed
    jobid: 0
    resources: mem_gb=4, time_min=240, num_cores=1

[Fri Feb 26 22:04:39 2021]
Finished job 0.
23 of 23 steps (100%) done
Complete log: /u/project/gandalm/cindywen/isoform_twas/genotype/scripts_new/post-imputation/.snakemake/log/2021-02-26T220354.864349.snakemake.log
