Building DAG of jobs...
Using shell: /bin/bash
Provided cluster nodes: 50
Job counts:
	count	jobs
	1	all
	22	remove_allele_in_id
	23

[Fri Feb 26 13:52:46 2021]
rule remove_allele_in_id:
    input: /u/project/gandalm/cindywen/isoform_twas/genotype/all_data/isec_R2_greater_than_3/ancestry/merge.reheader.chr3.bim
    output: /u/project/gandalm/cindywen/isoform_twas/genotype/all_data/isec_R2_greater_than_3/ancestry/merge.reheader.chr3.remove_allele_in_id.done
    jobid: 3
    wildcards: chr_num=3
    resources: mem_gb=4, time_min=60, num_cores=1


[Fri Feb 26 13:52:47 2021]
rule remove_allele_in_id:
    input: /u/project/gandalm/cindywen/isoform_twas/genotype/all_data/isec_R2_greater_than_3/ancestry/merge.reheader.chr10.bim
    output: /u/project/gandalm/cindywen/isoform_twas/genotype/all_data/isec_R2_greater_than_3/ancestry/merge.reheader.chr10.remove_allele_in_id.done
    jobid: 10
    wildcards: chr_num=10
    resources: mem_gb=4, time_min=60, num_cores=1


[Fri Feb 26 13:52:47 2021]
rule remove_allele_in_id:
    input: /u/project/gandalm/cindywen/isoform_twas/genotype/all_data/isec_R2_greater_than_3/ancestry/merge.reheader.chr18.bim
    output: /u/project/gandalm/cindywen/isoform_twas/genotype/all_data/isec_R2_greater_than_3/ancestry/merge.reheader.chr18.remove_allele_in_id.done
    jobid: 18
    wildcards: chr_num=18
    resources: mem_gb=4, time_min=60, num_cores=1


[Fri Feb 26 13:52:47 2021]
rule remove_allele_in_id:
    input: /u/project/gandalm/cindywen/isoform_twas/genotype/all_data/isec_R2_greater_than_3/ancestry/merge.reheader.chr4.bim
    output: /u/project/gandalm/cindywen/isoform_twas/genotype/all_data/isec_R2_greater_than_3/ancestry/merge.reheader.chr4.remove_allele_in_id.done
    jobid: 4
    wildcards: chr_num=4
    resources: mem_gb=4, time_min=60, num_cores=1


[Fri Feb 26 13:52:47 2021]
rule remove_allele_in_id:
    input: /u/project/gandalm/cindywen/isoform_twas/genotype/all_data/isec_R2_greater_than_3/ancestry/merge.reheader.chr11.bim
    output: /u/project/gandalm/cindywen/isoform_twas/genotype/all_data/isec_R2_greater_than_3/ancestry/merge.reheader.chr11.remove_allele_in_id.done
    jobid: 11
    wildcards: chr_num=11
    resources: mem_gb=4, time_min=60, num_cores=1


[Fri Feb 26 13:52:47 2021]
rule remove_allele_in_id:
    input: /u/project/gandalm/cindywen/isoform_twas/genotype/all_data/isec_R2_greater_than_3/ancestry/merge.reheader.chr19.bim
    output: /u/project/gandalm/cindywen/isoform_twas/genotype/all_data/isec_R2_greater_than_3/ancestry/merge.reheader.chr19.remove_allele_in_id.done
    jobid: 19
    wildcards: chr_num=19
    resources: mem_gb=4, time_min=60, num_cores=1


[Fri Feb 26 13:52:47 2021]
rule remove_allele_in_id:
    input: /u/project/gandalm/cindywen/isoform_twas/genotype/all_data/isec_R2_greater_than_3/ancestry/merge.reheader.chr5.bim
    output: /u/project/gandalm/cindywen/isoform_twas/genotype/all_data/isec_R2_greater_than_3/ancestry/merge.reheader.chr5.remove_allele_in_id.done
    jobid: 5
    wildcards: chr_num=5
    resources: mem_gb=4, time_min=60, num_cores=1


[Fri Feb 26 13:52:47 2021]
rule remove_allele_in_id:
    input: /u/project/gandalm/cindywen/isoform_twas/genotype/all_data/isec_R2_greater_than_3/ancestry/merge.reheader.chr12.bim
    output: /u/project/gandalm/cindywen/isoform_twas/genotype/all_data/isec_R2_greater_than_3/ancestry/merge.reheader.chr12.remove_allele_in_id.done
    jobid: 12
    wildcards: chr_num=12
    resources: mem_gb=4, time_min=60, num_cores=1


[Fri Feb 26 13:52:47 2021]
rule remove_allele_in_id:
    input: /u/project/gandalm/cindywen/isoform_twas/genotype/all_data/isec_R2_greater_than_3/ancestry/merge.reheader.chr20.bim
    output: /u/project/gandalm/cindywen/isoform_twas/genotype/all_data/isec_R2_greater_than_3/ancestry/merge.reheader.chr20.remove_allele_in_id.done
    jobid: 20
    wildcards: chr_num=20
    resources: mem_gb=4, time_min=60, num_cores=1


[Fri Feb 26 13:52:47 2021]
rule remove_allele_in_id:
    input: /u/project/gandalm/cindywen/isoform_twas/genotype/all_data/isec_R2_greater_than_3/ancestry/merge.reheader.chr6.bim
    output: /u/project/gandalm/cindywen/isoform_twas/genotype/all_data/isec_R2_greater_than_3/ancestry/merge.reheader.chr6.remove_allele_in_id.done
    jobid: 6
    wildcards: chr_num=6
    resources: mem_gb=4, time_min=60, num_cores=1


[Fri Feb 26 13:52:47 2021]
rule remove_allele_in_id:
    input: /u/project/gandalm/cindywen/isoform_twas/genotype/all_data/isec_R2_greater_than_3/ancestry/merge.reheader.chr13.bim
    output: /u/project/gandalm/cindywen/isoform_twas/genotype/all_data/isec_R2_greater_than_3/ancestry/merge.reheader.chr13.remove_allele_in_id.done
    jobid: 13
    wildcards: chr_num=13
    resources: mem_gb=4, time_min=60, num_cores=1


[Fri Feb 26 13:52:47 2021]
rule remove_allele_in_id:
    input: /u/project/gandalm/cindywen/isoform_twas/genotype/all_data/isec_R2_greater_than_3/ancestry/merge.reheader.chr21.bim
    output: /u/project/gandalm/cindywen/isoform_twas/genotype/all_data/isec_R2_greater_than_3/ancestry/merge.reheader.chr21.remove_allele_in_id.done
    jobid: 21
    wildcards: chr_num=21
    resources: mem_gb=4, time_min=60, num_cores=1


[Fri Feb 26 13:52:47 2021]
rule remove_allele_in_id:
    input: /u/project/gandalm/cindywen/isoform_twas/genotype/all_data/isec_R2_greater_than_3/ancestry/merge.reheader.chr7.bim
    output: /u/project/gandalm/cindywen/isoform_twas/genotype/all_data/isec_R2_greater_than_3/ancestry/merge.reheader.chr7.remove_allele_in_id.done
    jobid: 7
    wildcards: chr_num=7
    resources: mem_gb=4, time_min=60, num_cores=1


[Fri Feb 26 13:52:47 2021]
rule remove_allele_in_id:
    input: /u/project/gandalm/cindywen/isoform_twas/genotype/all_data/isec_R2_greater_than_3/ancestry/merge.reheader.chr14.bim
    output: /u/project/gandalm/cindywen/isoform_twas/genotype/all_data/isec_R2_greater_than_3/ancestry/merge.reheader.chr14.remove_allele_in_id.done
    jobid: 14
    wildcards: chr_num=14
    resources: mem_gb=4, time_min=60, num_cores=1


[Fri Feb 26 13:52:47 2021]
rule remove_allele_in_id:
    input: /u/project/gandalm/cindywen/isoform_twas/genotype/all_data/isec_R2_greater_than_3/ancestry/merge.reheader.chr22.bim
    output: /u/project/gandalm/cindywen/isoform_twas/genotype/all_data/isec_R2_greater_than_3/ancestry/merge.reheader.chr22.remove_allele_in_id.done
    jobid: 22
    wildcards: chr_num=22
    resources: mem_gb=4, time_min=60, num_cores=1


[Fri Feb 26 13:52:47 2021]
rule remove_allele_in_id:
    input: /u/project/gandalm/cindywen/isoform_twas/genotype/all_data/isec_R2_greater_than_3/ancestry/merge.reheader.chr8.bim
    output: /u/project/gandalm/cindywen/isoform_twas/genotype/all_data/isec_R2_greater_than_3/ancestry/merge.reheader.chr8.remove_allele_in_id.done
    jobid: 8
    wildcards: chr_num=8
    resources: mem_gb=4, time_min=60, num_cores=1


[Fri Feb 26 13:52:47 2021]
rule remove_allele_in_id:
    input: /u/project/gandalm/cindywen/isoform_twas/genotype/all_data/isec_R2_greater_than_3/ancestry/merge.reheader.chr15.bim
    output: /u/project/gandalm/cindywen/isoform_twas/genotype/all_data/isec_R2_greater_than_3/ancestry/merge.reheader.chr15.remove_allele_in_id.done
    jobid: 15
    wildcards: chr_num=15
    resources: mem_gb=4, time_min=60, num_cores=1


[Fri Feb 26 13:52:47 2021]
rule remove_allele_in_id:
    input: /u/project/gandalm/cindywen/isoform_twas/genotype/all_data/isec_R2_greater_than_3/ancestry/merge.reheader.chr1.bim
    output: /u/project/gandalm/cindywen/isoform_twas/genotype/all_data/isec_R2_greater_than_3/ancestry/merge.reheader.chr1.remove_allele_in_id.done
    jobid: 1
    wildcards: chr_num=1
    resources: mem_gb=4, time_min=60, num_cores=1


[Fri Feb 26 13:52:47 2021]
rule remove_allele_in_id:
    input: /u/project/gandalm/cindywen/isoform_twas/genotype/all_data/isec_R2_greater_than_3/ancestry/merge.reheader.chr9.bim
    output: /u/project/gandalm/cindywen/isoform_twas/genotype/all_data/isec_R2_greater_than_3/ancestry/merge.reheader.chr9.remove_allele_in_id.done
    jobid: 9
    wildcards: chr_num=9
    resources: mem_gb=4, time_min=60, num_cores=1


[Fri Feb 26 13:52:47 2021]
rule remove_allele_in_id:
    input: /u/project/gandalm/cindywen/isoform_twas/genotype/all_data/isec_R2_greater_than_3/ancestry/merge.reheader.chr16.bim
    output: /u/project/gandalm/cindywen/isoform_twas/genotype/all_data/isec_R2_greater_than_3/ancestry/merge.reheader.chr16.remove_allele_in_id.done
    jobid: 16
    wildcards: chr_num=16
    resources: mem_gb=4, time_min=60, num_cores=1


[Fri Feb 26 13:52:47 2021]
rule remove_allele_in_id:
    input: /u/project/gandalm/cindywen/isoform_twas/genotype/all_data/isec_R2_greater_than_3/ancestry/merge.reheader.chr2.bim
    output: /u/project/gandalm/cindywen/isoform_twas/genotype/all_data/isec_R2_greater_than_3/ancestry/merge.reheader.chr2.remove_allele_in_id.done
    jobid: 2
    wildcards: chr_num=2
    resources: mem_gb=4, time_min=60, num_cores=1


[Fri Feb 26 13:52:47 2021]
rule remove_allele_in_id:
    input: /u/project/gandalm/cindywen/isoform_twas/genotype/all_data/isec_R2_greater_than_3/ancestry/merge.reheader.chr17.bim
    output: /u/project/gandalm/cindywen/isoform_twas/genotype/all_data/isec_R2_greater_than_3/ancestry/merge.reheader.chr17.remove_allele_in_id.done
    jobid: 17
    wildcards: chr_num=17
    resources: mem_gb=4, time_min=60, num_cores=1

[Fri Feb 26 13:53:20 2021]
Finished job 18.
1 of 23 steps (4%) done
[Fri Feb 26 13:53:21 2021]
Finished job 13.
2 of 23 steps (9%) done
[Fri Feb 26 13:53:32 2021]
Finished job 10.
3 of 23 steps (13%) done
[Fri Feb 26 13:53:32 2021]
Finished job 20.
4 of 23 steps (17%) done
[Fri Feb 26 13:53:33 2021]
Finished job 7.
5 of 23 steps (22%) done
[Fri Feb 26 13:53:44 2021]
Finished job 5.
6 of 23 steps (26%) done
[Fri Feb 26 13:53:44 2021]
Finished job 12.
7 of 23 steps (30%) done
[Fri Feb 26 13:53:45 2021]
Finished job 8.
8 of 23 steps (35%) done
[Fri Feb 26 13:53:45 2021]
Finished job 15.
9 of 23 steps (39%) done
[Fri Feb 26 13:53:55 2021]
Finished job 4.
10 of 23 steps (43%) done
[Fri Feb 26 13:53:55 2021]
Finished job 19.
11 of 23 steps (48%) done
[Fri Feb 26 13:53:55 2021]
Finished job 21.
12 of 23 steps (52%) done
[Fri Feb 26 13:54:06 2021]
Finished job 11.
13 of 23 steps (57%) done
[Fri Feb 26 13:54:07 2021]
Finished job 6.
14 of 23 steps (61%) done
[Fri Feb 26 13:54:07 2021]
Finished job 14.
15 of 23 steps (65%) done
[Fri Feb 26 13:54:18 2021]
Finished job 3.
16 of 23 steps (70%) done
[Fri Feb 26 13:54:18 2021]
Finished job 22.
17 of 23 steps (74%) done
[Fri Feb 26 13:54:18 2021]
Finished job 1.
18 of 23 steps (78%) done
[Fri Feb 26 13:54:18 2021]
Finished job 9.
19 of 23 steps (83%) done
[Fri Feb 26 13:54:18 2021]
Finished job 16.
20 of 23 steps (87%) done
[Fri Feb 26 13:54:18 2021]
Finished job 2.
21 of 23 steps (91%) done
[Fri Feb 26 13:54:18 2021]
Finished job 17.
22 of 23 steps (96%) done

[Fri Feb 26 13:54:18 2021]
localrule all:
    input: /u/project/gandalm/cindywen/isoform_twas/genotype/all_data/isec_R2_greater_than_3/ancestry/merge.reheader.chr1.remove_allele_in_id.done, /u/project/gandalm/cindywen/isoform_twas/genotype/all_data/isec_R2_greater_than_3/ancestry/merge.reheader.chr2.remove_allele_in_id.done, /u/project/gandalm/cindywen/isoform_twas/genotype/all_data/isec_R2_greater_than_3/ancestry/merge.reheader.chr3.remove_allele_in_id.done, /u/project/gandalm/cindywen/isoform_twas/genotype/all_data/isec_R2_greater_than_3/ancestry/merge.reheader.chr4.remove_allele_in_id.done, /u/project/gandalm/cindywen/isoform_twas/genotype/all_data/isec_R2_greater_than_3/ancestry/merge.reheader.chr5.remove_allele_in_id.done, /u/project/gandalm/cindywen/isoform_twas/genotype/all_data/isec_R2_greater_than_3/ancestry/merge.reheader.chr6.remove_allele_in_id.done, /u/project/gandalm/cindywen/isoform_twas/genotype/all_data/isec_R2_greater_than_3/ancestry/merge.reheader.chr7.remove_allele_in_id.done, /u/project/gandalm/cindywen/isoform_twas/genotype/all_data/isec_R2_greater_than_3/ancestry/merge.reheader.chr8.remove_allele_in_id.done, /u/project/gandalm/cindywen/isoform_twas/genotype/all_data/isec_R2_greater_than_3/ancestry/merge.reheader.chr9.remove_allele_in_id.done, /u/project/gandalm/cindywen/isoform_twas/genotype/all_data/isec_R2_greater_than_3/ancestry/merge.reheader.chr10.remove_allele_in_id.done, /u/project/gandalm/cindywen/isoform_twas/genotype/all_data/isec_R2_greater_than_3/ancestry/merge.reheader.chr11.remove_allele_in_id.done, /u/project/gandalm/cindywen/isoform_twas/genotype/all_data/isec_R2_greater_than_3/ancestry/merge.reheader.chr12.remove_allele_in_id.done, /u/project/gandalm/cindywen/isoform_twas/genotype/all_data/isec_R2_greater_than_3/ancestry/merge.reheader.chr13.remove_allele_in_id.done, /u/project/gandalm/cindywen/isoform_twas/genotype/all_data/isec_R2_greater_than_3/ancestry/merge.reheader.chr14.remove_allele_in_id.done, /u/project/gandalm/cindywen/isoform_twas/genotype/all_data/isec_R2_greater_than_3/ancestry/merge.reheader.chr15.remove_allele_in_id.done, /u/project/gandalm/cindywen/isoform_twas/genotype/all_data/isec_R2_greater_than_3/ancestry/merge.reheader.chr16.remove_allele_in_id.done, /u/project/gandalm/cindywen/isoform_twas/genotype/all_data/isec_R2_greater_than_3/ancestry/merge.reheader.chr17.remove_allele_in_id.done, /u/project/gandalm/cindywen/isoform_twas/genotype/all_data/isec_R2_greater_than_3/ancestry/merge.reheader.chr18.remove_allele_in_id.done, /u/project/gandalm/cindywen/isoform_twas/genotype/all_data/isec_R2_greater_than_3/ancestry/merge.reheader.chr19.remove_allele_in_id.done, /u/project/gandalm/cindywen/isoform_twas/genotype/all_data/isec_R2_greater_than_3/ancestry/merge.reheader.chr20.remove_allele_in_id.done, /u/project/gandalm/cindywen/isoform_twas/genotype/all_data/isec_R2_greater_than_3/ancestry/merge.reheader.chr21.remove_allele_in_id.done, /u/project/gandalm/cindywen/isoform_twas/genotype/all_data/isec_R2_greater_than_3/ancestry/merge.reheader.chr22.remove_allele_in_id.done
    jobid: 0
    resources: mem_gb=4, time_min=240, num_cores=1

[Fri Feb 26 13:54:18 2021]
Finished job 0.
23 of 23 steps (100%) done
Complete log: /u/project/gandalm/cindywen/isoform_twas/genotype/scripts_new/post-imputation/.snakemake/log/2021-02-26T135243.537498.snakemake.log
