Building DAG of jobs...
Using shell: /bin/bash
Provided cluster nodes: 50
Job counts:
	count	jobs
	1	all
	22	keep_rsid_only
	23

[Fri Feb 26 19:21:39 2021]
rule keep_rsid_only:
    input: /u/project/gandalm/cindywen/isoform_twas/genotype/all_data/isec_R2_greater_than_3/ancestry/merge.reheader.chr3_rsid.bim
    output: /u/project/gandalm/cindywen/isoform_twas/genotype/all_data/isec_R2_greater_than_3/ancestry/merge.reheader.chr3_remaining_chrpos.txt, /u/project/gandalm/cindywen/isoform_twas/genotype/all_data/isec_R2_greater_than_3/ancestry/merge.reheader.rsid.only.chr3.bed, /u/project/gandalm/cindywen/isoform_twas/genotype/all_data/isec_R2_greater_than_3/ancestry/merge.reheader.rsid.only.chr3.bim, /u/project/gandalm/cindywen/isoform_twas/genotype/all_data/isec_R2_greater_than_3/ancestry/merge.reheader.rsid.only.chr3.fam, /u/project/gandalm/cindywen/isoform_twas/genotype/all_data/isec_R2_greater_than_3/ancestry/merge.reheader.rsid.only.chr3.log, /u/project/gandalm/cindywen/isoform_twas/genotype/all_data/isec_R2_greater_than_3/ancestry/merge.reheader.rsid.only.chr3.nosex
    jobid: 3
    wildcards: chr_num=3
    resources: mem_gb=4, time_min=60, num_cores=1


[Fri Feb 26 19:21:39 2021]
rule keep_rsid_only:
    input: /u/project/gandalm/cindywen/isoform_twas/genotype/all_data/isec_R2_greater_than_3/ancestry/merge.reheader.chr10_rsid.bim
    output: /u/project/gandalm/cindywen/isoform_twas/genotype/all_data/isec_R2_greater_than_3/ancestry/merge.reheader.chr10_remaining_chrpos.txt, /u/project/gandalm/cindywen/isoform_twas/genotype/all_data/isec_R2_greater_than_3/ancestry/merge.reheader.rsid.only.chr10.bed, /u/project/gandalm/cindywen/isoform_twas/genotype/all_data/isec_R2_greater_than_3/ancestry/merge.reheader.rsid.only.chr10.bim, /u/project/gandalm/cindywen/isoform_twas/genotype/all_data/isec_R2_greater_than_3/ancestry/merge.reheader.rsid.only.chr10.fam, /u/project/gandalm/cindywen/isoform_twas/genotype/all_data/isec_R2_greater_than_3/ancestry/merge.reheader.rsid.only.chr10.log, /u/project/gandalm/cindywen/isoform_twas/genotype/all_data/isec_R2_greater_than_3/ancestry/merge.reheader.rsid.only.chr10.nosex
    jobid: 10
    wildcards: chr_num=10
    resources: mem_gb=4, time_min=60, num_cores=1


[Fri Feb 26 19:21:39 2021]
rule keep_rsid_only:
    input: /u/project/gandalm/cindywen/isoform_twas/genotype/all_data/isec_R2_greater_than_3/ancestry/merge.reheader.chr18_rsid.bim
    output: /u/project/gandalm/cindywen/isoform_twas/genotype/all_data/isec_R2_greater_than_3/ancestry/merge.reheader.chr18_remaining_chrpos.txt, /u/project/gandalm/cindywen/isoform_twas/genotype/all_data/isec_R2_greater_than_3/ancestry/merge.reheader.rsid.only.chr18.bed, /u/project/gandalm/cindywen/isoform_twas/genotype/all_data/isec_R2_greater_than_3/ancestry/merge.reheader.rsid.only.chr18.bim, /u/project/gandalm/cindywen/isoform_twas/genotype/all_data/isec_R2_greater_than_3/ancestry/merge.reheader.rsid.only.chr18.fam, /u/project/gandalm/cindywen/isoform_twas/genotype/all_data/isec_R2_greater_than_3/ancestry/merge.reheader.rsid.only.chr18.log, /u/project/gandalm/cindywen/isoform_twas/genotype/all_data/isec_R2_greater_than_3/ancestry/merge.reheader.rsid.only.chr18.nosex
    jobid: 18
    wildcards: chr_num=18
    resources: mem_gb=4, time_min=60, num_cores=1


[Fri Feb 26 19:21:39 2021]
rule keep_rsid_only:
    input: /u/project/gandalm/cindywen/isoform_twas/genotype/all_data/isec_R2_greater_than_3/ancestry/merge.reheader.chr4_rsid.bim
    output: /u/project/gandalm/cindywen/isoform_twas/genotype/all_data/isec_R2_greater_than_3/ancestry/merge.reheader.chr4_remaining_chrpos.txt, /u/project/gandalm/cindywen/isoform_twas/genotype/all_data/isec_R2_greater_than_3/ancestry/merge.reheader.rsid.only.chr4.bed, /u/project/gandalm/cindywen/isoform_twas/genotype/all_data/isec_R2_greater_than_3/ancestry/merge.reheader.rsid.only.chr4.bim, /u/project/gandalm/cindywen/isoform_twas/genotype/all_data/isec_R2_greater_than_3/ancestry/merge.reheader.rsid.only.chr4.fam, /u/project/gandalm/cindywen/isoform_twas/genotype/all_data/isec_R2_greater_than_3/ancestry/merge.reheader.rsid.only.chr4.log, /u/project/gandalm/cindywen/isoform_twas/genotype/all_data/isec_R2_greater_than_3/ancestry/merge.reheader.rsid.only.chr4.nosex
    jobid: 4
    wildcards: chr_num=4
    resources: mem_gb=4, time_min=60, num_cores=1


[Fri Feb 26 19:21:39 2021]
rule keep_rsid_only:
    input: /u/project/gandalm/cindywen/isoform_twas/genotype/all_data/isec_R2_greater_than_3/ancestry/merge.reheader.chr11_rsid.bim
    output: /u/project/gandalm/cindywen/isoform_twas/genotype/all_data/isec_R2_greater_than_3/ancestry/merge.reheader.chr11_remaining_chrpos.txt, /u/project/gandalm/cindywen/isoform_twas/genotype/all_data/isec_R2_greater_than_3/ancestry/merge.reheader.rsid.only.chr11.bed, /u/project/gandalm/cindywen/isoform_twas/genotype/all_data/isec_R2_greater_than_3/ancestry/merge.reheader.rsid.only.chr11.bim, /u/project/gandalm/cindywen/isoform_twas/genotype/all_data/isec_R2_greater_than_3/ancestry/merge.reheader.rsid.only.chr11.fam, /u/project/gandalm/cindywen/isoform_twas/genotype/all_data/isec_R2_greater_than_3/ancestry/merge.reheader.rsid.only.chr11.log, /u/project/gandalm/cindywen/isoform_twas/genotype/all_data/isec_R2_greater_than_3/ancestry/merge.reheader.rsid.only.chr11.nosex
    jobid: 11
    wildcards: chr_num=11
    resources: mem_gb=4, time_min=60, num_cores=1


[Fri Feb 26 19:21:39 2021]
rule keep_rsid_only:
    input: /u/project/gandalm/cindywen/isoform_twas/genotype/all_data/isec_R2_greater_than_3/ancestry/merge.reheader.chr19_rsid.bim
    output: /u/project/gandalm/cindywen/isoform_twas/genotype/all_data/isec_R2_greater_than_3/ancestry/merge.reheader.chr19_remaining_chrpos.txt, /u/project/gandalm/cindywen/isoform_twas/genotype/all_data/isec_R2_greater_than_3/ancestry/merge.reheader.rsid.only.chr19.bed, /u/project/gandalm/cindywen/isoform_twas/genotype/all_data/isec_R2_greater_than_3/ancestry/merge.reheader.rsid.only.chr19.bim, /u/project/gandalm/cindywen/isoform_twas/genotype/all_data/isec_R2_greater_than_3/ancestry/merge.reheader.rsid.only.chr19.fam, /u/project/gandalm/cindywen/isoform_twas/genotype/all_data/isec_R2_greater_than_3/ancestry/merge.reheader.rsid.only.chr19.log, /u/project/gandalm/cindywen/isoform_twas/genotype/all_data/isec_R2_greater_than_3/ancestry/merge.reheader.rsid.only.chr19.nosex
    jobid: 19
    wildcards: chr_num=19
    resources: mem_gb=4, time_min=60, num_cores=1


[Fri Feb 26 19:21:39 2021]
rule keep_rsid_only:
    input: /u/project/gandalm/cindywen/isoform_twas/genotype/all_data/isec_R2_greater_than_3/ancestry/merge.reheader.chr5_rsid.bim
    output: /u/project/gandalm/cindywen/isoform_twas/genotype/all_data/isec_R2_greater_than_3/ancestry/merge.reheader.chr5_remaining_chrpos.txt, /u/project/gandalm/cindywen/isoform_twas/genotype/all_data/isec_R2_greater_than_3/ancestry/merge.reheader.rsid.only.chr5.bed, /u/project/gandalm/cindywen/isoform_twas/genotype/all_data/isec_R2_greater_than_3/ancestry/merge.reheader.rsid.only.chr5.bim, /u/project/gandalm/cindywen/isoform_twas/genotype/all_data/isec_R2_greater_than_3/ancestry/merge.reheader.rsid.only.chr5.fam, /u/project/gandalm/cindywen/isoform_twas/genotype/all_data/isec_R2_greater_than_3/ancestry/merge.reheader.rsid.only.chr5.log, /u/project/gandalm/cindywen/isoform_twas/genotype/all_data/isec_R2_greater_than_3/ancestry/merge.reheader.rsid.only.chr5.nosex
    jobid: 5
    wildcards: chr_num=5
    resources: mem_gb=4, time_min=60, num_cores=1


[Fri Feb 26 19:21:39 2021]
rule keep_rsid_only:
    input: /u/project/gandalm/cindywen/isoform_twas/genotype/all_data/isec_R2_greater_than_3/ancestry/merge.reheader.chr12_rsid.bim
    output: /u/project/gandalm/cindywen/isoform_twas/genotype/all_data/isec_R2_greater_than_3/ancestry/merge.reheader.chr12_remaining_chrpos.txt, /u/project/gandalm/cindywen/isoform_twas/genotype/all_data/isec_R2_greater_than_3/ancestry/merge.reheader.rsid.only.chr12.bed, /u/project/gandalm/cindywen/isoform_twas/genotype/all_data/isec_R2_greater_than_3/ancestry/merge.reheader.rsid.only.chr12.bim, /u/project/gandalm/cindywen/isoform_twas/genotype/all_data/isec_R2_greater_than_3/ancestry/merge.reheader.rsid.only.chr12.fam, /u/project/gandalm/cindywen/isoform_twas/genotype/all_data/isec_R2_greater_than_3/ancestry/merge.reheader.rsid.only.chr12.log, /u/project/gandalm/cindywen/isoform_twas/genotype/all_data/isec_R2_greater_than_3/ancestry/merge.reheader.rsid.only.chr12.nosex
    jobid: 12
    wildcards: chr_num=12
    resources: mem_gb=4, time_min=60, num_cores=1


[Fri Feb 26 19:21:39 2021]
rule keep_rsid_only:
    input: /u/project/gandalm/cindywen/isoform_twas/genotype/all_data/isec_R2_greater_than_3/ancestry/merge.reheader.chr20_rsid.bim
    output: /u/project/gandalm/cindywen/isoform_twas/genotype/all_data/isec_R2_greater_than_3/ancestry/merge.reheader.chr20_remaining_chrpos.txt, /u/project/gandalm/cindywen/isoform_twas/genotype/all_data/isec_R2_greater_than_3/ancestry/merge.reheader.rsid.only.chr20.bed, /u/project/gandalm/cindywen/isoform_twas/genotype/all_data/isec_R2_greater_than_3/ancestry/merge.reheader.rsid.only.chr20.bim, /u/project/gandalm/cindywen/isoform_twas/genotype/all_data/isec_R2_greater_than_3/ancestry/merge.reheader.rsid.only.chr20.fam, /u/project/gandalm/cindywen/isoform_twas/genotype/all_data/isec_R2_greater_than_3/ancestry/merge.reheader.rsid.only.chr20.log, /u/project/gandalm/cindywen/isoform_twas/genotype/all_data/isec_R2_greater_than_3/ancestry/merge.reheader.rsid.only.chr20.nosex
    jobid: 20
    wildcards: chr_num=20
    resources: mem_gb=4, time_min=60, num_cores=1


[Fri Feb 26 19:21:39 2021]
rule keep_rsid_only:
    input: /u/project/gandalm/cindywen/isoform_twas/genotype/all_data/isec_R2_greater_than_3/ancestry/merge.reheader.chr6_rsid.bim
    output: /u/project/gandalm/cindywen/isoform_twas/genotype/all_data/isec_R2_greater_than_3/ancestry/merge.reheader.chr6_remaining_chrpos.txt, /u/project/gandalm/cindywen/isoform_twas/genotype/all_data/isec_R2_greater_than_3/ancestry/merge.reheader.rsid.only.chr6.bed, /u/project/gandalm/cindywen/isoform_twas/genotype/all_data/isec_R2_greater_than_3/ancestry/merge.reheader.rsid.only.chr6.bim, /u/project/gandalm/cindywen/isoform_twas/genotype/all_data/isec_R2_greater_than_3/ancestry/merge.reheader.rsid.only.chr6.fam, /u/project/gandalm/cindywen/isoform_twas/genotype/all_data/isec_R2_greater_than_3/ancestry/merge.reheader.rsid.only.chr6.log, /u/project/gandalm/cindywen/isoform_twas/genotype/all_data/isec_R2_greater_than_3/ancestry/merge.reheader.rsid.only.chr6.nosex
    jobid: 6
    wildcards: chr_num=6
    resources: mem_gb=4, time_min=60, num_cores=1


[Fri Feb 26 19:21:39 2021]
rule keep_rsid_only:
    input: /u/project/gandalm/cindywen/isoform_twas/genotype/all_data/isec_R2_greater_than_3/ancestry/merge.reheader.chr13_rsid.bim
    output: /u/project/gandalm/cindywen/isoform_twas/genotype/all_data/isec_R2_greater_than_3/ancestry/merge.reheader.chr13_remaining_chrpos.txt, /u/project/gandalm/cindywen/isoform_twas/genotype/all_data/isec_R2_greater_than_3/ancestry/merge.reheader.rsid.only.chr13.bed, /u/project/gandalm/cindywen/isoform_twas/genotype/all_data/isec_R2_greater_than_3/ancestry/merge.reheader.rsid.only.chr13.bim, /u/project/gandalm/cindywen/isoform_twas/genotype/all_data/isec_R2_greater_than_3/ancestry/merge.reheader.rsid.only.chr13.fam, /u/project/gandalm/cindywen/isoform_twas/genotype/all_data/isec_R2_greater_than_3/ancestry/merge.reheader.rsid.only.chr13.log, /u/project/gandalm/cindywen/isoform_twas/genotype/all_data/isec_R2_greater_than_3/ancestry/merge.reheader.rsid.only.chr13.nosex
    jobid: 13
    wildcards: chr_num=13
    resources: mem_gb=4, time_min=60, num_cores=1


[Fri Feb 26 19:21:39 2021]
rule keep_rsid_only:
    input: /u/project/gandalm/cindywen/isoform_twas/genotype/all_data/isec_R2_greater_than_3/ancestry/merge.reheader.chr21_rsid.bim
    output: /u/project/gandalm/cindywen/isoform_twas/genotype/all_data/isec_R2_greater_than_3/ancestry/merge.reheader.chr21_remaining_chrpos.txt, /u/project/gandalm/cindywen/isoform_twas/genotype/all_data/isec_R2_greater_than_3/ancestry/merge.reheader.rsid.only.chr21.bed, /u/project/gandalm/cindywen/isoform_twas/genotype/all_data/isec_R2_greater_than_3/ancestry/merge.reheader.rsid.only.chr21.bim, /u/project/gandalm/cindywen/isoform_twas/genotype/all_data/isec_R2_greater_than_3/ancestry/merge.reheader.rsid.only.chr21.fam, /u/project/gandalm/cindywen/isoform_twas/genotype/all_data/isec_R2_greater_than_3/ancestry/merge.reheader.rsid.only.chr21.log, /u/project/gandalm/cindywen/isoform_twas/genotype/all_data/isec_R2_greater_than_3/ancestry/merge.reheader.rsid.only.chr21.nosex
    jobid: 21
    wildcards: chr_num=21
    resources: mem_gb=4, time_min=60, num_cores=1


[Fri Feb 26 19:21:40 2021]
rule keep_rsid_only:
    input: /u/project/gandalm/cindywen/isoform_twas/genotype/all_data/isec_R2_greater_than_3/ancestry/merge.reheader.chr7_rsid.bim
    output: /u/project/gandalm/cindywen/isoform_twas/genotype/all_data/isec_R2_greater_than_3/ancestry/merge.reheader.chr7_remaining_chrpos.txt, /u/project/gandalm/cindywen/isoform_twas/genotype/all_data/isec_R2_greater_than_3/ancestry/merge.reheader.rsid.only.chr7.bed, /u/project/gandalm/cindywen/isoform_twas/genotype/all_data/isec_R2_greater_than_3/ancestry/merge.reheader.rsid.only.chr7.bim, /u/project/gandalm/cindywen/isoform_twas/genotype/all_data/isec_R2_greater_than_3/ancestry/merge.reheader.rsid.only.chr7.fam, /u/project/gandalm/cindywen/isoform_twas/genotype/all_data/isec_R2_greater_than_3/ancestry/merge.reheader.rsid.only.chr7.log, /u/project/gandalm/cindywen/isoform_twas/genotype/all_data/isec_R2_greater_than_3/ancestry/merge.reheader.rsid.only.chr7.nosex
    jobid: 7
    wildcards: chr_num=7
    resources: mem_gb=4, time_min=60, num_cores=1


[Fri Feb 26 19:21:40 2021]
rule keep_rsid_only:
    input: /u/project/gandalm/cindywen/isoform_twas/genotype/all_data/isec_R2_greater_than_3/ancestry/merge.reheader.chr14_rsid.bim
    output: /u/project/gandalm/cindywen/isoform_twas/genotype/all_data/isec_R2_greater_than_3/ancestry/merge.reheader.chr14_remaining_chrpos.txt, /u/project/gandalm/cindywen/isoform_twas/genotype/all_data/isec_R2_greater_than_3/ancestry/merge.reheader.rsid.only.chr14.bed, /u/project/gandalm/cindywen/isoform_twas/genotype/all_data/isec_R2_greater_than_3/ancestry/merge.reheader.rsid.only.chr14.bim, /u/project/gandalm/cindywen/isoform_twas/genotype/all_data/isec_R2_greater_than_3/ancestry/merge.reheader.rsid.only.chr14.fam, /u/project/gandalm/cindywen/isoform_twas/genotype/all_data/isec_R2_greater_than_3/ancestry/merge.reheader.rsid.only.chr14.log, /u/project/gandalm/cindywen/isoform_twas/genotype/all_data/isec_R2_greater_than_3/ancestry/merge.reheader.rsid.only.chr14.nosex
    jobid: 14
    wildcards: chr_num=14
    resources: mem_gb=4, time_min=60, num_cores=1


[Fri Feb 26 19:21:40 2021]
rule keep_rsid_only:
    input: /u/project/gandalm/cindywen/isoform_twas/genotype/all_data/isec_R2_greater_than_3/ancestry/merge.reheader.chr22_rsid.bim
    output: /u/project/gandalm/cindywen/isoform_twas/genotype/all_data/isec_R2_greater_than_3/ancestry/merge.reheader.chr22_remaining_chrpos.txt, /u/project/gandalm/cindywen/isoform_twas/genotype/all_data/isec_R2_greater_than_3/ancestry/merge.reheader.rsid.only.chr22.bed, /u/project/gandalm/cindywen/isoform_twas/genotype/all_data/isec_R2_greater_than_3/ancestry/merge.reheader.rsid.only.chr22.bim, /u/project/gandalm/cindywen/isoform_twas/genotype/all_data/isec_R2_greater_than_3/ancestry/merge.reheader.rsid.only.chr22.fam, /u/project/gandalm/cindywen/isoform_twas/genotype/all_data/isec_R2_greater_than_3/ancestry/merge.reheader.rsid.only.chr22.log, /u/project/gandalm/cindywen/isoform_twas/genotype/all_data/isec_R2_greater_than_3/ancestry/merge.reheader.rsid.only.chr22.nosex
    jobid: 22
    wildcards: chr_num=22
    resources: mem_gb=4, time_min=60, num_cores=1


[Fri Feb 26 19:21:40 2021]
rule keep_rsid_only:
    input: /u/project/gandalm/cindywen/isoform_twas/genotype/all_data/isec_R2_greater_than_3/ancestry/merge.reheader.chr8_rsid.bim
    output: /u/project/gandalm/cindywen/isoform_twas/genotype/all_data/isec_R2_greater_than_3/ancestry/merge.reheader.chr8_remaining_chrpos.txt, /u/project/gandalm/cindywen/isoform_twas/genotype/all_data/isec_R2_greater_than_3/ancestry/merge.reheader.rsid.only.chr8.bed, /u/project/gandalm/cindywen/isoform_twas/genotype/all_data/isec_R2_greater_than_3/ancestry/merge.reheader.rsid.only.chr8.bim, /u/project/gandalm/cindywen/isoform_twas/genotype/all_data/isec_R2_greater_than_3/ancestry/merge.reheader.rsid.only.chr8.fam, /u/project/gandalm/cindywen/isoform_twas/genotype/all_data/isec_R2_greater_than_3/ancestry/merge.reheader.rsid.only.chr8.log, /u/project/gandalm/cindywen/isoform_twas/genotype/all_data/isec_R2_greater_than_3/ancestry/merge.reheader.rsid.only.chr8.nosex
    jobid: 8
    wildcards: chr_num=8
    resources: mem_gb=4, time_min=60, num_cores=1


[Fri Feb 26 19:21:40 2021]
rule keep_rsid_only:
    input: /u/project/gandalm/cindywen/isoform_twas/genotype/all_data/isec_R2_greater_than_3/ancestry/merge.reheader.chr15_rsid.bim
    output: /u/project/gandalm/cindywen/isoform_twas/genotype/all_data/isec_R2_greater_than_3/ancestry/merge.reheader.chr15_remaining_chrpos.txt, /u/project/gandalm/cindywen/isoform_twas/genotype/all_data/isec_R2_greater_than_3/ancestry/merge.reheader.rsid.only.chr15.bed, /u/project/gandalm/cindywen/isoform_twas/genotype/all_data/isec_R2_greater_than_3/ancestry/merge.reheader.rsid.only.chr15.bim, /u/project/gandalm/cindywen/isoform_twas/genotype/all_data/isec_R2_greater_than_3/ancestry/merge.reheader.rsid.only.chr15.fam, /u/project/gandalm/cindywen/isoform_twas/genotype/all_data/isec_R2_greater_than_3/ancestry/merge.reheader.rsid.only.chr15.log, /u/project/gandalm/cindywen/isoform_twas/genotype/all_data/isec_R2_greater_than_3/ancestry/merge.reheader.rsid.only.chr15.nosex
    jobid: 15
    wildcards: chr_num=15
    resources: mem_gb=4, time_min=60, num_cores=1


[Fri Feb 26 19:21:40 2021]
rule keep_rsid_only:
    input: /u/project/gandalm/cindywen/isoform_twas/genotype/all_data/isec_R2_greater_than_3/ancestry/merge.reheader.chr1_rsid.bim
    output: /u/project/gandalm/cindywen/isoform_twas/genotype/all_data/isec_R2_greater_than_3/ancestry/merge.reheader.chr1_remaining_chrpos.txt, /u/project/gandalm/cindywen/isoform_twas/genotype/all_data/isec_R2_greater_than_3/ancestry/merge.reheader.rsid.only.chr1.bed, /u/project/gandalm/cindywen/isoform_twas/genotype/all_data/isec_R2_greater_than_3/ancestry/merge.reheader.rsid.only.chr1.bim, /u/project/gandalm/cindywen/isoform_twas/genotype/all_data/isec_R2_greater_than_3/ancestry/merge.reheader.rsid.only.chr1.fam, /u/project/gandalm/cindywen/isoform_twas/genotype/all_data/isec_R2_greater_than_3/ancestry/merge.reheader.rsid.only.chr1.log, /u/project/gandalm/cindywen/isoform_twas/genotype/all_data/isec_R2_greater_than_3/ancestry/merge.reheader.rsid.only.chr1.nosex
    jobid: 1
    wildcards: chr_num=1
    resources: mem_gb=4, time_min=60, num_cores=1


[Fri Feb 26 19:21:40 2021]
rule keep_rsid_only:
    input: /u/project/gandalm/cindywen/isoform_twas/genotype/all_data/isec_R2_greater_than_3/ancestry/merge.reheader.chr9_rsid.bim
    output: /u/project/gandalm/cindywen/isoform_twas/genotype/all_data/isec_R2_greater_than_3/ancestry/merge.reheader.chr9_remaining_chrpos.txt, /u/project/gandalm/cindywen/isoform_twas/genotype/all_data/isec_R2_greater_than_3/ancestry/merge.reheader.rsid.only.chr9.bed, /u/project/gandalm/cindywen/isoform_twas/genotype/all_data/isec_R2_greater_than_3/ancestry/merge.reheader.rsid.only.chr9.bim, /u/project/gandalm/cindywen/isoform_twas/genotype/all_data/isec_R2_greater_than_3/ancestry/merge.reheader.rsid.only.chr9.fam, /u/project/gandalm/cindywen/isoform_twas/genotype/all_data/isec_R2_greater_than_3/ancestry/merge.reheader.rsid.only.chr9.log, /u/project/gandalm/cindywen/isoform_twas/genotype/all_data/isec_R2_greater_than_3/ancestry/merge.reheader.rsid.only.chr9.nosex
    jobid: 9
    wildcards: chr_num=9
    resources: mem_gb=4, time_min=60, num_cores=1


[Fri Feb 26 19:21:40 2021]
rule keep_rsid_only:
    input: /u/project/gandalm/cindywen/isoform_twas/genotype/all_data/isec_R2_greater_than_3/ancestry/merge.reheader.chr16_rsid.bim
    output: /u/project/gandalm/cindywen/isoform_twas/genotype/all_data/isec_R2_greater_than_3/ancestry/merge.reheader.chr16_remaining_chrpos.txt, /u/project/gandalm/cindywen/isoform_twas/genotype/all_data/isec_R2_greater_than_3/ancestry/merge.reheader.rsid.only.chr16.bed, /u/project/gandalm/cindywen/isoform_twas/genotype/all_data/isec_R2_greater_than_3/ancestry/merge.reheader.rsid.only.chr16.bim, /u/project/gandalm/cindywen/isoform_twas/genotype/all_data/isec_R2_greater_than_3/ancestry/merge.reheader.rsid.only.chr16.fam, /u/project/gandalm/cindywen/isoform_twas/genotype/all_data/isec_R2_greater_than_3/ancestry/merge.reheader.rsid.only.chr16.log, /u/project/gandalm/cindywen/isoform_twas/genotype/all_data/isec_R2_greater_than_3/ancestry/merge.reheader.rsid.only.chr16.nosex
    jobid: 16
    wildcards: chr_num=16
    resources: mem_gb=4, time_min=60, num_cores=1


[Fri Feb 26 19:21:40 2021]
rule keep_rsid_only:
    input: /u/project/gandalm/cindywen/isoform_twas/genotype/all_data/isec_R2_greater_than_3/ancestry/merge.reheader.chr2_rsid.bim
    output: /u/project/gandalm/cindywen/isoform_twas/genotype/all_data/isec_R2_greater_than_3/ancestry/merge.reheader.chr2_remaining_chrpos.txt, /u/project/gandalm/cindywen/isoform_twas/genotype/all_data/isec_R2_greater_than_3/ancestry/merge.reheader.rsid.only.chr2.bed, /u/project/gandalm/cindywen/isoform_twas/genotype/all_data/isec_R2_greater_than_3/ancestry/merge.reheader.rsid.only.chr2.bim, /u/project/gandalm/cindywen/isoform_twas/genotype/all_data/isec_R2_greater_than_3/ancestry/merge.reheader.rsid.only.chr2.fam, /u/project/gandalm/cindywen/isoform_twas/genotype/all_data/isec_R2_greater_than_3/ancestry/merge.reheader.rsid.only.chr2.log, /u/project/gandalm/cindywen/isoform_twas/genotype/all_data/isec_R2_greater_than_3/ancestry/merge.reheader.rsid.only.chr2.nosex
    jobid: 2
    wildcards: chr_num=2
    resources: mem_gb=4, time_min=60, num_cores=1


[Fri Feb 26 19:21:40 2021]
rule keep_rsid_only:
    input: /u/project/gandalm/cindywen/isoform_twas/genotype/all_data/isec_R2_greater_than_3/ancestry/merge.reheader.chr17_rsid.bim
    output: /u/project/gandalm/cindywen/isoform_twas/genotype/all_data/isec_R2_greater_than_3/ancestry/merge.reheader.chr17_remaining_chrpos.txt, /u/project/gandalm/cindywen/isoform_twas/genotype/all_data/isec_R2_greater_than_3/ancestry/merge.reheader.rsid.only.chr17.bed, /u/project/gandalm/cindywen/isoform_twas/genotype/all_data/isec_R2_greater_than_3/ancestry/merge.reheader.rsid.only.chr17.bim, /u/project/gandalm/cindywen/isoform_twas/genotype/all_data/isec_R2_greater_than_3/ancestry/merge.reheader.rsid.only.chr17.fam, /u/project/gandalm/cindywen/isoform_twas/genotype/all_data/isec_R2_greater_than_3/ancestry/merge.reheader.rsid.only.chr17.log, /u/project/gandalm/cindywen/isoform_twas/genotype/all_data/isec_R2_greater_than_3/ancestry/merge.reheader.rsid.only.chr17.nosex
    jobid: 17
    wildcards: chr_num=17
    resources: mem_gb=4, time_min=60, num_cores=1

Waiting at most 5 seconds for missing files.
MissingOutputException in line 145 of /u/project/gandalm/cindywen/isoform_twas/genotype/scripts_new/post-imputation/Snakefile:
Job completed successfully, but some output files are missing. Missing files after 5 seconds:
/u/project/gandalm/cindywen/isoform_twas/genotype/all_data/isec_R2_greater_than_3/ancestry/merge.reheader.chr13_remaining_chrpos.txt
/u/project/gandalm/cindywen/isoform_twas/genotype/all_data/isec_R2_greater_than_3/ancestry/merge.reheader.rsid.only.chr13.bed
/u/project/gandalm/cindywen/isoform_twas/genotype/all_data/isec_R2_greater_than_3/ancestry/merge.reheader.rsid.only.chr13.bim
/u/project/gandalm/cindywen/isoform_twas/genotype/all_data/isec_R2_greater_than_3/ancestry/merge.reheader.rsid.only.chr13.fam
/u/project/gandalm/cindywen/isoform_twas/genotype/all_data/isec_R2_greater_than_3/ancestry/merge.reheader.rsid.only.chr13.log
/u/project/gandalm/cindywen/isoform_twas/genotype/all_data/isec_R2_greater_than_3/ancestry/merge.reheader.rsid.only.chr13.nosex
This might be due to filesystem latency. If that is the case, consider to increase the wait time with --latency-wait.
  File "/u/local/apps/anaconda3/2019.03/envs/snakemake/lib/python3.8/site-packages/snakemake/executors/__init__.py", line 771, in handle_job_success
  File "/u/local/apps/anaconda3/2019.03/envs/snakemake/lib/python3.8/site-packages/snakemake/executors/__init__.py", line 225, in handle_job_success
Waiting at most 5 seconds for missing files.
[Fri Feb 26 19:22:08 2021]
Finished job 21.
1 of 23 steps (4%) done
[Fri Feb 26 19:22:08 2021]
Finished job 7.
2 of 23 steps (9%) done
[Fri Feb 26 19:22:08 2021]
Finished job 14.
3 of 23 steps (13%) done
[Fri Feb 26 19:22:08 2021]
Finished job 22.
4 of 23 steps (17%) done
[Fri Feb 26 19:22:08 2021]
Finished job 8.
5 of 23 steps (22%) done
[Fri Feb 26 19:22:08 2021]
Finished job 15.
6 of 23 steps (26%) done
[Fri Feb 26 19:22:09 2021]
Finished job 1.
7 of 23 steps (30%) done
[Fri Feb 26 19:22:09 2021]
Finished job 9.
8 of 23 steps (35%) done
[Fri Feb 26 19:22:09 2021]
Finished job 16.
9 of 23 steps (39%) done
[Fri Feb 26 19:22:09 2021]
Finished job 17.
10 of 23 steps (43%) done
[Fri Feb 26 19:22:19 2021]
Finished job 3.
11 of 23 steps (48%) done
[Fri Feb 26 19:22:19 2021]
Finished job 10.
12 of 23 steps (52%) done
[Fri Feb 26 19:22:19 2021]
Finished job 18.
13 of 23 steps (57%) done
[Fri Feb 26 19:22:20 2021]
Finished job 4.
14 of 23 steps (61%) done
[Fri Feb 26 19:22:20 2021]
Finished job 11.
15 of 23 steps (65%) done
[Fri Feb 26 19:22:20 2021]
Finished job 19.
16 of 23 steps (70%) done
[Fri Feb 26 19:22:20 2021]
Finished job 5.
17 of 23 steps (74%) done
[Fri Feb 26 19:22:20 2021]
Finished job 12.
18 of 23 steps (78%) done
[Fri Feb 26 19:22:20 2021]
Finished job 20.
19 of 23 steps (83%) done
[Fri Feb 26 19:22:20 2021]
Finished job 6.
20 of 23 steps (87%) done
[Fri Feb 26 19:22:20 2021]
Finished job 2.
21 of 23 steps (91%) done
Shutting down, this might take some time.
Exiting because a job execution failed. Look above for error message
Complete log: /u/project/gandalm/cindywen/isoform_twas/genotype/scripts_new/post-imputation/.snakemake/log/2021-02-26T192136.238071.snakemake.log
