Building DAG of jobs...
Using shell: /bin/bash
Provided cluster nodes: 50
Job counts:
	count	jobs
	1	all
	3	crossmap_ancestry
	3	plink_to_vcf_ancestry
	3	sort_tabix_ancestry
	3	vcf_to_plink_ancestry
	13

[Mon Mar  1 11:46:20 2021]
rule plink_to_vcf_ancestry:
    input: /u/project/gandalm/cindywen/isoform_twas/genotype/all_data/isec_R2_greater_than_3/ancestry/eur/filtered.bed, /u/project/gandalm/cindywen/isoform_twas/genotype/all_data/isec_R2_greater_than_3/ancestry/eur/filtered.bim, /u/project/gandalm/cindywen/isoform_twas/genotype/all_data/isec_R2_greater_than_3/ancestry/eur/filtered.fam, /u/project/gandalm/cindywen/isoform_twas/genotype/all_data/isec_R2_greater_than_3/ancestry/eur/filtered.log, /u/project/gandalm/cindywen/isoform_twas/genotype/all_data/isec_R2_greater_than_3/ancestry/eur/filtered.nosex
    output: /u/project/gandalm/cindywen/isoform_twas/genotype/all_data/isec_R2_greater_than_3/ancestry/eur/filtered.vcf.gz, /u/project/gandalm/cindywen/isoform_twas/genotype/all_data/isec_R2_greater_than_3/ancestry/eur/filtered.vcf.gz.tbi
    jobid: 62
    wildcards: ancestry=eur
    resources: mem_gb=4, time_min=60, num_cores=1


[Mon Mar  1 11:46:20 2021]
rule plink_to_vcf_ancestry:
    input: /u/project/gandalm/cindywen/isoform_twas/genotype/all_data/isec_R2_greater_than_3/ancestry/afr/filtered.bed, /u/project/gandalm/cindywen/isoform_twas/genotype/all_data/isec_R2_greater_than_3/ancestry/afr/filtered.bim, /u/project/gandalm/cindywen/isoform_twas/genotype/all_data/isec_R2_greater_than_3/ancestry/afr/filtered.fam, /u/project/gandalm/cindywen/isoform_twas/genotype/all_data/isec_R2_greater_than_3/ancestry/afr/filtered.log, /u/project/gandalm/cindywen/isoform_twas/genotype/all_data/isec_R2_greater_than_3/ancestry/afr/filtered.nosex
    output: /u/project/gandalm/cindywen/isoform_twas/genotype/all_data/isec_R2_greater_than_3/ancestry/afr/filtered.vcf.gz, /u/project/gandalm/cindywen/isoform_twas/genotype/all_data/isec_R2_greater_than_3/ancestry/afr/filtered.vcf.gz.tbi
    jobid: 64
    wildcards: ancestry=afr
    resources: mem_gb=4, time_min=60, num_cores=1


[Mon Mar  1 11:46:20 2021]
rule plink_to_vcf_ancestry:
    input: /u/project/gandalm/cindywen/isoform_twas/genotype/all_data/isec_R2_greater_than_3/ancestry/amr/filtered.bed, /u/project/gandalm/cindywen/isoform_twas/genotype/all_data/isec_R2_greater_than_3/ancestry/amr/filtered.bim, /u/project/gandalm/cindywen/isoform_twas/genotype/all_data/isec_R2_greater_than_3/ancestry/amr/filtered.fam, /u/project/gandalm/cindywen/isoform_twas/genotype/all_data/isec_R2_greater_than_3/ancestry/amr/filtered.log, /u/project/gandalm/cindywen/isoform_twas/genotype/all_data/isec_R2_greater_than_3/ancestry/amr/filtered.nosex
    output: /u/project/gandalm/cindywen/isoform_twas/genotype/all_data/isec_R2_greater_than_3/ancestry/amr/filtered.vcf.gz, /u/project/gandalm/cindywen/isoform_twas/genotype/all_data/isec_R2_greater_than_3/ancestry/amr/filtered.vcf.gz.tbi
    jobid: 63
    wildcards: ancestry=amr
    resources: mem_gb=4, time_min=60, num_cores=1

[Mon Mar  1 11:47:50 2021]
Finished job 64.
1 of 13 steps (8%) done
[Mon Mar  1 11:47:50 2021]
Finished job 63.
2 of 13 steps (15%) done

[Mon Mar  1 11:47:50 2021]
rule crossmap_ancestry:
    input: /u/project/gandalm/cindywen/isoform_twas/genotype/all_data/isec_R2_greater_than_3/ancestry/afr/filtered.vcf.gz, /u/project/gandalm/cindywen/isoform_twas/genotype/ref/GRCh38_to_GRCh37.chain.gz, /u/project/gandalm/shared/refGenomes/hg19/Gencode/GRCh37.primary_assembly.genome.fa
    output: /u/project/gandalm/cindywen/isoform_twas/genotype/all_data/isec_R2_greater_than_3/ancestry/afr/filtered.hg19.vcf.gz, /u/project/gandalm/cindywen/isoform_twas/genotype/all_data/isec_R2_greater_than_3/ancestry/afr/filtered.hg19.vcf.unmap
    jobid: 59
    wildcards: ancestry=afr
    resources: mem_gb=4, time_min=60, num_cores=1


[Mon Mar  1 11:47:50 2021]
rule crossmap_ancestry:
    input: /u/project/gandalm/cindywen/isoform_twas/genotype/all_data/isec_R2_greater_than_3/ancestry/amr/filtered.vcf.gz, /u/project/gandalm/cindywen/isoform_twas/genotype/ref/GRCh38_to_GRCh37.chain.gz, /u/project/gandalm/shared/refGenomes/hg19/Gencode/GRCh37.primary_assembly.genome.fa
    output: /u/project/gandalm/cindywen/isoform_twas/genotype/all_data/isec_R2_greater_than_3/ancestry/amr/filtered.hg19.vcf.gz, /u/project/gandalm/cindywen/isoform_twas/genotype/all_data/isec_R2_greater_than_3/ancestry/amr/filtered.hg19.vcf.unmap
    jobid: 58
    wildcards: ancestry=amr
    resources: mem_gb=4, time_min=60, num_cores=1

[Mon Mar  1 11:48:20 2021]
Finished job 62.
3 of 13 steps (23%) done

[Mon Mar  1 11:48:20 2021]
rule crossmap_ancestry:
    input: /u/project/gandalm/cindywen/isoform_twas/genotype/all_data/isec_R2_greater_than_3/ancestry/eur/filtered.vcf.gz, /u/project/gandalm/cindywen/isoform_twas/genotype/ref/GRCh38_to_GRCh37.chain.gz, /u/project/gandalm/shared/refGenomes/hg19/Gencode/GRCh37.primary_assembly.genome.fa
    output: /u/project/gandalm/cindywen/isoform_twas/genotype/all_data/isec_R2_greater_than_3/ancestry/eur/filtered.hg19.vcf.gz, /u/project/gandalm/cindywen/isoform_twas/genotype/all_data/isec_R2_greater_than_3/ancestry/eur/filtered.hg19.vcf.unmap
    jobid: 57
    wildcards: ancestry=eur
    resources: mem_gb=4, time_min=60, num_cores=1

[Mon Mar  1 11:59:31 2021]
Finished job 58.
4 of 13 steps (31%) done

[Mon Mar  1 11:59:31 2021]
rule sort_tabix_ancestry:
    input: /u/project/gandalm/cindywen/isoform_twas/genotype/all_data/isec_R2_greater_than_3/ancestry/amr/filtered.hg19.vcf.gz
    output: /u/project/gandalm/cindywen/isoform_twas/genotype/all_data/isec_R2_greater_than_3/ancestry/amr/filtered.hg19.sorted.vcf.gz, /u/project/gandalm/cindywen/isoform_twas/genotype/all_data/isec_R2_greater_than_3/ancestry/amr/filtered.hg19.sorted.vcf.gz.tbi
    jobid: 53
    wildcards: ancestry=amr
    resources: mem_gb=4, time_min=60, num_cores=1

[Mon Mar  1 11:59:51 2021]
Finished job 59.
5 of 13 steps (38%) done

[Mon Mar  1 11:59:51 2021]
rule sort_tabix_ancestry:
    input: /u/project/gandalm/cindywen/isoform_twas/genotype/all_data/isec_R2_greater_than_3/ancestry/afr/filtered.hg19.vcf.gz
    output: /u/project/gandalm/cindywen/isoform_twas/genotype/all_data/isec_R2_greater_than_3/ancestry/afr/filtered.hg19.sorted.vcf.gz, /u/project/gandalm/cindywen/isoform_twas/genotype/all_data/isec_R2_greater_than_3/ancestry/afr/filtered.hg19.sorted.vcf.gz.tbi
    jobid: 54
    wildcards: ancestry=afr
    resources: mem_gb=4, time_min=60, num_cores=1

[Mon Mar  1 12:00:11 2021]
Finished job 57.
6 of 13 steps (46%) done

[Mon Mar  1 12:00:11 2021]
rule sort_tabix_ancestry:
    input: /u/project/gandalm/cindywen/isoform_twas/genotype/all_data/isec_R2_greater_than_3/ancestry/eur/filtered.hg19.vcf.gz
    output: /u/project/gandalm/cindywen/isoform_twas/genotype/all_data/isec_R2_greater_than_3/ancestry/eur/filtered.hg19.sorted.vcf.gz, /u/project/gandalm/cindywen/isoform_twas/genotype/all_data/isec_R2_greater_than_3/ancestry/eur/filtered.hg19.sorted.vcf.gz.tbi
    jobid: 52
    wildcards: ancestry=eur
    resources: mem_gb=4, time_min=60, num_cores=1

[Mon Mar  1 12:02:21 2021]
Error in rule sort_tabix_ancestry:
    jobid: 54
    output: /u/project/gandalm/cindywen/isoform_twas/genotype/all_data/isec_R2_greater_than_3/ancestry/afr/filtered.hg19.sorted.vcf.gz, /u/project/gandalm/cindywen/isoform_twas/genotype/all_data/isec_R2_greater_than_3/ancestry/afr/filtered.hg19.sorted.vcf.gz.tbi
    shell:
        
        . /u/local/Modules/default/init/modules.sh
        module load bcftools/1.9
        module load htslib/1.9
        bcftools sort /u/project/gandalm/cindywen/isoform_twas/genotype/all_data/isec_R2_greater_than_3/ancestry/afr/filtered.hg19.vcf.gz -Oz -o /u/project/gandalm/cindywen/isoform_twas/genotype/all_data/isec_R2_greater_than_3/ancestry/afr/filtered.hg19.sorted.vcf.gz
        tabix -p vcf /u/project/gandalm/cindywen/isoform_twas/genotype/all_data/isec_R2_greater_than_3/ancestry/afr/filtered.hg19.sorted.vcf.gz
        
        (one of the commands exited with non-zero exit code; note that snakemake uses bash strict mode!)

Error executing rule sort_tabix_ancestry on cluster (jobid: 54, external: 22971, jobscript: /u/project/gandalm/cindywen/isoform_twas/genotype/scripts_new/post-imputation/.snakemake/tmp.7b7jkytr/snakejob.sort_tabix_ancestry.54.sh). For error details see the cluster log and the log files of the involved rule(s).
[Mon Mar  1 12:05:11 2021]
Finished job 53.
7 of 13 steps (54%) done
[Mon Mar  1 12:08:21 2021]
Finished job 52.
8 of 13 steps (62%) done
Shutting down, this might take some time.
Exiting because a job execution failed. Look above for error message
Complete log: /u/project/gandalm/cindywen/isoform_twas/genotype/scripts_new/post-imputation/.snakemake/log/2021-03-01T114603.856710.snakemake.log
