Building DAG of jobs...
Using shell: /bin/bash
Provided cluster nodes: 50
Job counts:
	count	jobs
	1	all
	1	reheader
	2

[Fri Feb 26 10:18:37 2021]
rule reheader:
    input: /u/project/gandalm/cindywen/isoform_twas/genotype/all_data/isec_R2_greater_than_3/ancestry/merge.654.vcf.gz, /u/project/gandalm/cindywen/isoform_twas/genotype/all_data/isec_R2_greater_than_3/ancestry/geno.reheader2.txt
    output: /u/project/gandalm/cindywen/isoform_twas/genotype/all_data/isec_R2_greater_than_3/ancestry/merge.reheader.vcf.gz, /u/project/gandalm/cindywen/isoform_twas/genotype/all_data/isec_R2_greater_than_3/ancestry/merge.reheader.vcf.gz.tbi
    jobid: 1
    resources: mem_gb=4, time_min=240, num_cores=1

[Fri Feb 26 10:34:28 2021]
Finished job 1.
1 of 2 steps (50%) done

[Fri Feb 26 10:34:28 2021]
localrule all:
    input: /u/project/gandalm/cindywen/isoform_twas/genotype/all_data/isec_R2_greater_than_3/ancestry/merge.reheader.vcf.gz, /u/project/gandalm/cindywen/isoform_twas/genotype/all_data/isec_R2_greater_than_3/ancestry/merge.reheader.vcf.gz.tbi
    jobid: 0
    resources: mem_gb=4, time_min=240, num_cores=1

[Fri Feb 26 10:34:28 2021]
Finished job 0.
2 of 2 steps (100%) done
Complete log: /u/project/gandalm/cindywen/isoform_twas/genotype/scripts_new/post-imputation/.snakemake/log/2021-02-26T101836.274383.snakemake.log
